<?xml version="1.0" encoding="UTF-8"?>
<testsuite name="com.moviestore.MoviestoreApplicationTests" tests="1" skipped="0" failures="0" errors="0" timestamp="2017-11-18T07:05:49" hostname="ojoko" time="0.074">
  <properties/>
  <testcase name="contextLoads" classname="com.moviestore.MoviestoreApplicationTests" time="0.074"/>
  <system-out><![CDATA[08:05:46.055 [Test worker] DEBUG org.springframework.test.context.junit4.SpringJUnit4ClassRunner - SpringJUnit4ClassRunner constructor called with [class com.moviestore.MoviestoreApplicationTests]
08:05:46.064 [Test worker] DEBUG org.springframework.test.context.BootstrapUtils - Instantiating CacheAwareContextLoaderDelegate from class [org.springframework.test.context.cache.DefaultCacheAwareContextLoaderDelegate]
08:05:46.072 [Test worker] DEBUG org.springframework.test.context.BootstrapUtils - Instantiating BootstrapContext using constructor [public org.springframework.test.context.support.DefaultBootstrapContext(java.lang.Class,org.springframework.test.context.CacheAwareContextLoaderDelegate)]
08:05:46.085 [Test worker] DEBUG org.springframework.test.context.BootstrapUtils - Instantiating TestContextBootstrapper for test class [com.moviestore.MoviestoreApplicationTests] from class [org.springframework.boot.test.context.SpringBootTestContextBootstrapper]
08:05:46.096 [Test worker] INFO org.springframework.boot.test.context.SpringBootTestContextBootstrapper - Neither @ContextConfiguration nor @ContextHierarchy found for test class [com.moviestore.MoviestoreApplicationTests], using SpringBootContextLoader
08:05:46.100 [Test worker] DEBUG org.springframework.test.context.support.AbstractContextLoader - Did not detect default resource location for test class [com.moviestore.MoviestoreApplicationTests]: class path resource [com/moviestore/MoviestoreApplicationTests-context.xml] does not exist
08:05:46.101 [Test worker] DEBUG org.springframework.test.context.support.AbstractContextLoader - Did not detect default resource location for test class [com.moviestore.MoviestoreApplicationTests]: class path resource [com/moviestore/MoviestoreApplicationTestsContext.groovy] does not exist
08:05:46.101 [Test worker] INFO org.springframework.test.context.support.AbstractContextLoader - Could not detect default resource locations for test class [com.moviestore.MoviestoreApplicationTests]: no resource found for suffixes {-context.xml, Context.groovy}.
08:05:46.102 [Test worker] INFO org.springframework.test.context.support.AnnotationConfigContextLoaderUtils - Could not detect default configuration classes for test class [com.moviestore.MoviestoreApplicationTests]: MoviestoreApplicationTests does not declare any static, non-private, non-final, nested classes annotated with @Configuration.
08:05:46.150 [Test worker] DEBUG org.springframework.test.context.support.ActiveProfilesUtils - Could not find an 'annotation declaring class' for annotation type [org.springframework.test.context.ActiveProfiles] and class [com.moviestore.MoviestoreApplicationTests]
08:05:46.159 [Test worker] DEBUG org.springframework.core.env.StandardEnvironment - Adding PropertySource 'systemProperties' with lowest search precedence
08:05:46.159 [Test worker] DEBUG org.springframework.core.env.StandardEnvironment - Adding PropertySource 'systemEnvironment' with lowest search precedence
08:05:46.159 [Test worker] DEBUG org.springframework.core.env.StandardEnvironment - Initialized StandardEnvironment with PropertySources [MapPropertySource@21011229 {name='systemProperties', properties={java.runtime.name=Java(TM) SE Runtime Environment, sun.boot.library.path=D:\JDK1.8.0\jre\bin, java.vm.version=25.144-b01, java.vm.vendor=Oracle Corporation, java.vendor.url=http://java.oracle.com/, path.separator=;, java.vm.name=Java HotSpot(TM) Client VM, file.encoding.pkg=sun.io, user.script=, sun.java.launcher=SUN_STANDARD, user.country=IT, sun.os.patch.level=, java.vm.specification.name=Java Virtual Machine Specification, user.dir=C:\Projects\Spring\movie-store-springboot-tutorial, java.runtime.version=1.8.0_144-b01, java.awt.graphicsenv=sun.awt.Win32GraphicsEnvironment, java.endorsed.dirs=D:\JDK1.8.0\jre\lib\endorsed, os.arch=x86, java.io.tmpdir=C:\Users\asus\AppData\Local\Temp\, line.separator=
, java.vm.specification.vendor=Oracle Corporation, user.variant=, os.name=Windows 10, sun.jnu.encoding=Cp1252, java.library.path=D:\JDK1.8.0\bin;C:\WINDOWS\Sun\Java\bin;C:\WINDOWS\system32;C:\WINDOWS;C:\Users\asus\bin;C:\Program Files\Git\mingw64\bin;C:\Program Files\Git\usr\local\bin;C:\Program Files\Git\usr\bin;C:\Program Files\Git\usr\bin;C:\Program Files\Git\mingw64\bin;C:\Program Files\Git\usr\bin;C:\Users\asus\bin;C:\Program Files (x86)\Intel\iCLS Client;C:\Program Files\Intel\iCLS Client;C:\WINDOWS\system32;C:\WINDOWS;C:\WINDOWS\System32\Wbem;C:\WINDOWS\System32\WindowsPowerShell\v1.0;C:\Program Files (x86)\Windows Live\Shared;C:\Program Files\Intel\Intel(R) Management Engine Components\DAL;C:\Program Files\Intel\Intel(R) Management Engine Components\IPT;C:\Program Files (x86)\Intel\Intel(R) Management Engine Components\DAL;C:\Program Files (x86)\Intel\Intel(R) Management Engine Components\IPT;C:\Program Files (x86)\Calibre2;C:\Program Files\Amazon\AWSCLI;C:\Program Files (x86)\QuickTime\QTSystem;C:\Program Files\Crucial\Crucial Storage Executive;C:\Program Files (x86)\Common Files\Acronis\SnapAPI;D:\JDK1.8.0\bin;D:\Projects\UniServerZ-12.0.4\core\php56;C:\ProgramData\ComposerSetup\bin;C:\Program Files\VisualSVN Server\bin;C:\Program Files (x86)\Skype\Phone;C:\Program Files (x86)\Yarn\bin;C:\Program Files\nodejs;C:\Program Files (x86)\NVIDIA Corporation\PhysX\Common;C:\WINDOWS\system32;C:\WINDOWS;C:\WINDOWS\System32\Wbem;C:\WINDOWS\System32\WindowsPowerShell\v1.0;C:\Users\asus\AppData\Roaming\Composer\vendor\bin;C:\Users\asus\AppData\Local\Microsoft\WindowsApps;C:\Users\asus\AppData\Local\Yarn\bin;C:\Users\asus\AppData\Roaming\npm;C:\Program Files\Git\usr\bin\vendor_perl;C:\Program Files\Git\usr\bin\core_perl;., java.specification.name=Java Platform API Specification, java.class.version=52.0, org.gradle.native=false, sun.management.compiler=HotSpot Client Compiler, os.version=10.0, user.home=C:\Users\asus, user.timezone=Europe/Berlin, java.awt.printerjob=sun.awt.windows.WPrinterJob, file.encoding=windows-1252, java.specification.version=1.8, java.class.path=C:\Projects\Spring\movie-store-springboot-tutorial\build\classes\java\test;C:\Projects\Spring\movie-store-springboot-tutorial\build\resources\test;C:\Projects\Spring\movie-store-springboot-tutorial\build\classes\java\main;C:\Projects\Spring\movie-store-springboot-tutorial\build\resources\main;C:\Users\asus\.gradle\caches\modules-2\files-2.1\org.springframework.boot\spring-boot-starter-cache\2.0.0.BUILD-SNAPSHOT\90aa2e8b35e4af87ab895a299a99fb01cde062bb\spring-boot-starter-cache-2.0.0.BUILD-SNAPSHOT.jar;C:\Users\asus\.gradle\caches\modules-2\files-2.1\org.springframework.boot\spring-boot-starter-data-jpa\2.0.0.BUILD-SNAPSHOT\d7b0d0716ee017d83288e6fd790d17a29be88d2a\spring-boot-starter-data-jpa-2.0.0.BUILD-SNAPSHOT.jar;C:\Users\asus\.gradle\caches\modules-2\files-2.1\org.springframework.boot\spring-boot-starter-jersey\2.0.0.BUILD-SNAPSHOT\fce0c439d9f65f2c4d9aac237d2d929b9647bb21\spring-boot-starter-jersey-2.0.0.BUILD-SNAPSHOT.jar;C:\Users\asus\.gradle\caches\modules-2\files-2.1\org.springframework.session\spring-session-core\2.0.0.RC1\3cbeecbba0cd1fefb7995a0efc44d37234ee0d71\spring-session-core-2.0.0.RC1.jar;C:\Users\asus\.gradle\caches\modules-2\files-2.1\org.springframework.boot\spring-boot-starter-thymeleaf\2.0.0.BUILD-SNAPSHOT\abaacb6d6f833d4e49e4d0781cd9c676855ebe3c\spring-boot-starter-thymeleaf-2.0.0.BUILD-SNAPSHOT.jar;C:\Users\asus\.gradle\caches\modules-2\files-2.1\org.springframework.boot\spring-boot-starter-web\2.0.0.BUILD-SNAPSHOT\6dfa95fc40a30dcb6451f8b144f7e5f1dc8157ef\spring-boot-starter-web-2.0.0.BUILD-SNAPSHOT.jar;C:\Users\asus\.gradle\caches\modules-2\files-2.1\org.springframework.boot\spring-boot-devtools\2.0.0.BUILD-SNAPSHOT\559c6728c7c1b07dd5c6ae801532357725cca90b\spring-boot-devtools-2.0.0.BUILD-SNAPSHOT.jar;C:\Users\asus\.gradle\caches\modules-2\files-2.1\com.h2database\h2\1.4.196\dd0034398d593aa3588c6773faac429bbd9aea0e\h2-1.4.196.jar;C:\Users\asus\.gradle\caches\modules-2\files-2.1\org.springframework.boot\spring-boot-starter-test\2.0.0.BUILD-SNAPSHOT\9c461773f5571d5c19c79865e9b1d76de8166826\spring-boot-starter-test-2.0.0.BUILD-SNAPSHOT.jar;C:\Users\asus\.gradle\caches\modules-2\files-2.1\org.springframework.boot\spring-boot-starter-aop\2.0.0.BUILD-SNAPSHOT\656f8726add625f628d279a77495262c91f6c10f\spring-boot-starter-aop-2.0.0.BUILD-SNAPSHOT.jar;C:\Users\asus\.gradle\caches\modules-2\files-2.1\org.springframework.boot\spring-boot-starter-jdbc\2.0.0.BUILD-SNAPSHOT\67cd04aef896558ddf01666cce209d9c60655e6d\spring-boot-starter-jdbc-2.0.0.BUILD-SNAPSHOT.jar;C:\Users\asus\.gradle\caches\modules-2\files-2.1\org.springframework.boot\spring-boot-starter-json\2.0.0.BUILD-SNAPSHOT\a927bb6841585ee40b34547064c082c30880ac42\spring-boot-starter-json-2.0.0.BUILD-SNAPSHOT.jar;C:\Users\asus\.gradle\caches\modules-2\files-2.1\org.springframework.boot\spring-boot-starter-validation\2.0.0.BUILD-SNAPSHOT\4e115707023db8ca817a6c15a744cad5a257b18b\spring-boot-starter-validation-2.0.0.BUILD-SNAPSHOT.jar;C:\Users\asus\.gradle\caches\modules-2\files-2.1\org.springframework.boot\spring-boot-starter\2.0.0.BUILD-SNAPSHOT\261fc0b04197073ac12c47fb098d9d6da1cdafae\spring-boot-starter-2.0.0.BUILD-SNAPSHOT.jar;C:\Users\asus\.gradle\caches\modules-2\files-2.1\org.springframework\spring-context-support\5.0.2.BUILD-SNAPSHOT\f279cf0dbc906519022ac10597a9c47ca786ee8a\spring-context-support-5.0.2.BUILD-SNAPSHOT.jar;C:\Users\asus\.gradle\caches\modules-2\files-2.1\org.springframework.data\spring-data-jpa\2.0.1.RELEASE\5ccc56fa163f759a24974c684c324a57044d53ce\spring-data-jpa-2.0.1.RELEASE.jar;C:\Users\asus\.gradle\caches\modules-2\files-2.1\org.springframework\spring-webmvc\5.0.2.BUILD-SNAPSHOT\8607b339dcb7c657a6d3580d855f1e585cef4430\spring-webmvc-5.0.2.BUILD-SNAPSHOT.jar;C:\Users\asus\.gradle\caches\modules-2\files-2.1\org.springframework.boot\spring-boot-test-autoconfigure\2.0.0.BUILD-SNAPSHOT\597a15cac172a578bc9dc52ed907833803a28a5\spring-boot-test-autoconfigure-2.0.0.BUILD-SNAPSHOT.jar;C:\Users\asus\.gradle\caches\modules-2\files-2.1\org.springframework.boot\spring-boot-autoconfigure\2.0.0.BUILD-SNAPSHOT\f739f0748a8a8849fb21366ade25f950a918daaf\spring-boot-autoconfigure-2.0.0.BUILD-SNAPSHOT.jar;C:\Users\asus\.gradle\caches\modules-2\files-2.1\org.springframework.boot\spring-boot-test\2.0.0.BUILD-SNAPSHOT\ebd577659b120fb8a2d966367a369d5027b41fbf\spring-boot-test-2.0.0.BUILD-SNAPSHOT.jar;C:\Users\asus\.gradle\caches\modules-2\files-2.1\org.springframework.boot\spring-boot\2.0.0.BUILD-SNAPSHOT\deae21583ab59c8482e3095397e87774f67032c5\spring-boot-2.0.0.BUILD-SNAPSHOT.jar;C:\Users\asus\.gradle\caches\modules-2\files-2.1\org.glassfish.jersey.ext\jersey-spring4\2.26\e5f2654b343c31078d9b5c8a4f43b838b320099f\jersey-spring4-2.26.jar;C:\Users\asus\.gradle\caches\modules-2\files-2.1\org.glassfish.hk2\spring-bridge\2.5.0-b42\7cedc63a9079e87b5a2685c054e61cfce8c44837\spring-bridge-2.5.0-b42.jar;C:\Users\asus\.gradle\caches\modules-2\files-2.1\org.springframework\spring-context\5.0.2.BUILD-SNAPSHOT\535e51999756984615f5adab9ed3fba4c2899aae\spring-context-5.0.2.BUILD-SNAPSHOT.jar;C:\Users\asus\.gradle\caches\modules-2\files-2.1\org.hibernate\hibernate-core\5.2.12.Final\ea479b6692e22c9b642dd4142db670e92d106544\hibernate-core-5.2.12.Final.jar;C:\Users\asus\.gradle\caches\modules-2\files-2.1\javax.transaction\javax.transaction-api\1.2\d81aff979d603edd90dcd8db2abc1f4ce6479e3e\javax.transaction-api-1.2.jar;C:\Users\asus\.gradle\caches\modules-2\files-2.1\org.springframework\spring-aspects\5.0.2.BUILD-SNAPSHOT\9b9c464c7ee02dfcd05e1451256128eab01f3268\spring-aspects-5.0.2.BUILD-SNAPSHOT.jar;C:\Users\asus\.gradle\caches\modules-2\files-2.1\org.springframework.boot\spring-boot-starter-tomcat\2.0.0.BUILD-SNAPSHOT\8e13e62001d2929e15c23fa27d9551a3f44e4da5\spring-boot-starter-tomcat-2.0.0.BUILD-SNAPSHOT.jar;C:\Users\asus\.gradle\caches\modules-2\files-2.1\org.springframework\spring-web\5.0.2.BUILD-SNAPSHOT\f32d994b0aa9cf28698afd3073ea60d968808a46\spring-web-5.0.2.BUILD-SNAPSHOT.jar;C:\Users\asus\.gradle\caches\modules-2\files-2.1\org.glassfish.jersey.containers\jersey-container-servlet\2.26\8723d05d1fe2fdda54d0921836ea5daa5abe5f00\jersey-container-servlet-2.26.jar;C:\Users\asus\.gradle\caches\modules-2\files-2.1\org.glassfish.jersey.containers\jersey-container-servlet-core\2.26\66a0d51facf1e49e2353ff0d2a2d4a9e2fa3f836\jersey-container-servlet-core-2.26.jar;C:\Users\asus\.gradle\caches\modules-2\files-2.1\org.glassfish.jersey.ext\jersey-bean-validation\2.26\33747b4e8a07c53550ee1cbe7fc4321600842c5a\jersey-bean-validation-2.26.jar;C:\Users\asus\.gradle\caches\modules-2\files-2.1\org.glassfish.jersey.core\jersey-server\2.26\aa8eff3d591641dadd7c9880bb73b59bf46d4c82\jersey-server-2.26.jar;C:\Users\asus\.gradle\caches\modules-2\files-2.1\org.glassfish.jersey.media\jersey-media-json-jackson\2.26\ce3109479991527107921ca5e7943a6e7e20db80\jersey-media-json-jackson-2.26.jar;C:\Users\asus\.gradle\caches\modules-2\files-2.1\org.springframework\spring-test\5.0.2.BUILD-SNAPSHOT\bc8edd8eb3c9203f405124fe95866c7b37b6d9d5\spring-test-5.0.2.BUILD-SNAPSHOT.jar;C:\Users\asus\.gradle\caches\modules-2\files-2.1\org.springframework\spring-expression\5.0.2.BUILD-SNAPSHOT\d466eb05f270afb548a5b8f0e8f4b272de55f72d\spring-expression-5.0.2.BUILD-SNAPSHOT.jar;C:\Users\asus\.gradle\caches\modules-2\files-2.1\org.springframework\spring-aop\5.0.2.BUILD-SNAPSHOT\a1d3c20787cb784c5d2ef0514e44cae287ef06b9\spring-aop-5.0.2.BUILD-SNAPSHOT.jar;C:\Users\asus\.gradle\caches\modules-2\files-2.1\org.springframework\spring-orm\5.0.2.BUILD-SNAPSHOT\9d0e35a666eef1d8407f31ab0b69f0597c071ca4\spring-orm-5.0.2.BUILD-SNAPSHOT.jar;C:\Users\asus\.gradle\caches\modules-2\files-2.1\org.springframework\spring-jdbc\5.0.2.BUILD-SNAPSHOT\72272a7d3991a683baa70d22315dac4d893a15e1\spring-jdbc-5.0.2.BUILD-SNAPSHOT.jar;C:\Users\asus\.gradle\caches\modules-2\files-2.1\org.springframework.data\spring-data-commons\2.0.1.RELEASE\a2b6a1397b97315f816f106779ab8cbcc840eb40\spring-data-commons-2.0.1.RELEASE.jar;C:\Users\asus\.gradle\caches\modules-2\files-2.1\org.springframework\spring-tx\5.0.2.BUILD-SNAPSHOT\f4cfed529d390dddb009de940ecea79294233e82\spring-tx-5.0.2.BUILD-SNAPSHOT.jar;C:\Users\asus\.gradle\caches\modules-2\files-2.1\org.springframework\spring-beans\5.0.2.BUILD-SNAPSHOT\357f9480564f692b690eaba70dcde2d816bb10e8\spring-beans-5.0.2.BUILD-SNAPSHOT.jar;C:\Users\asus\.gradle\caches\modules-2\files-2.1\org.springframework\spring-core\5.0.2.BUILD-SNAPSHOT\5d43274350fc0995873953710468a899508cf74f\spring-core-5.0.2.BUILD-SNAPSHOT.jar;C:\Users\asus\.gradle\caches\modules-2\files-2.1\org.springframework\spring-jcl\5.0.2.BUILD-SNAPSHOT\118afc6b0cf385b7bce8129113b5eb18581575e7\spring-jcl-5.0.2.BUILD-SNAPSHOT.jar;C:\Users\asus\.gradle\caches\modules-2\files-2.1\org.thymeleaf\thymeleaf-spring5\3.0.9.RELEASE\abf84efd83808a70d982d2790f7f3a7bd3a39cf4\thymeleaf-spring5-3.0.9.RELEASE.jar;C:\Users\asus\.gradle\caches\modules-2\files-2.1\org.thymeleaf.extras\thymeleaf-extras-java8time\3.0.1.RELEASE\d23760d1e53cd70c489ef40dc94ee6bd2371cceb\thymeleaf-extras-java8time-3.0.1.RELEASE.jar;C:\Users\asus\.gradle\caches\modules-2\files-2.1\org.hibernate.validator\hibernate-validator\6.0.4.Final\7b40e0fc3b971e47daa3bd36e82fdac1fd685f8a\hibernate-validator-6.0.4.Final.jar;C:\Users\asus\.gradle\caches\modules-2\files-2.1\com.jayway.jsonpath\json-path\2.4.0\765a4401ceb2dc8d40553c2075eb80a8fa35c2ae\json-path-2.4.0.jar;C:\Users\asus\.gradle\caches\modules-2\files-2.1\junit\junit\4.12\2973d150c0dc1fefe998f834810d68f278ea58ec\junit-4.12.jar;C:\Users\asus\.gradle\caches\modules-2\files-2.1\org.assertj\assertj-core\3.8.0\b209d90ff2e279bee3e02547ee7b11349c52d0e3\assertj-core-3.8.0.jar;C:\Users\asus\.gradle\caches\modules-2\files-2.1\org.mockito\mockito-core\2.12.0\a42fb82aa1eccb27c3f0371c8bc7385ae1c6598d\mockito-core-2.12.0.jar;C:\Users\asus\.gradle\caches\modules-2\files-2.1\org.hamcrest\hamcrest-library\1.3\4785a3c21320980282f9f33d0d1264a69040538f\hamcrest-library-1.3.jar;C:\Users\asus\.gradle\caches\modules-2\files-2.1\org.hamcrest\hamcrest-core\1.3\42a25dc3219429f0e5d060061f71acb49bf010a0\hamcrest-core-1.3.jar;C:\Users\asus\.gradle\caches\modules-2\files-2.1\org.skyscreamer\jsonassert\1.5.0\6c9d5fe2f59da598d9aefc1cfc6528ff3cf32df3\jsonassert-1.5.0.jar;C:\Users\asus\.gradle\caches\modules-2\files-2.1\org.xmlunit\xmlunit-core\2.5.1\4ffdb346572a7356f7521cd3119ce5287d2e339d\xmlunit-core-2.5.1.jar;C:\Users\asus\.gradle\caches\modules-2\files-2.1\org.springframework.boot\spring-boot-starter-logging\2.0.0.BUILD-SNAPSHOT\a8907183d67304ff02f8a70013743eca6e28bd21\spring-boot-starter-logging-2.0.0.BUILD-SNAPSHOT.jar;C:\Users\asus\.gradle\caches\modules-2\files-2.1\org.glassfish.jersey.core\jersey-client\2.26\125b8d1040d121a5dc4ce6858e21a6160bed7afa\jersey-client-2.26.jar;C:\Users\asus\.gradle\caches\modules-2\files-2.1\org.glassfish.jersey.media\jersey-media-jaxb\2.26\791397ceb5d1c8f389664b1de3e4208c2ac1015b\jersey-media-jaxb-2.26.jar;C:\Users\asus\.gradle\caches\modules-2\files-2.1\org.glassfish.jersey.inject\jersey-hk2\2.26\df27f7d7577acf4b532684448021632098924dab\jersey-hk2-2.26.jar;C:\Users\asus\.gradle\caches\modules-2\files-2.1\org.glassfish.jersey.core\jersey-common\2.26\d96475745c5e72cafcbc4dc9e2e725f4d9683f21\jersey-common-2.26.jar;C:\Users\asus\.gradle\caches\modules-2\files-2.1\org.glassfish.hk2\hk2\2.5.0-b42\adc396d57e9cada50f57d32cdabaf31a20a758d\hk2-2.5.0-b42.jar;C:\Users\asus\.gradle\caches\modules-2\files-2.1\org.glassfish.hk2\config-types\2.5.0-b42\3e927a0624955d10bec3eb5424a1e6ca3d5f92ae\config-types-2.5.0-b42.jar;C:\Users\asus\.gradle\caches\modules-2\files-2.1\org.glassfish.hk2\hk2-config\2.5.0-b42\de522871d987e2bf502753c807461f9ee805f6bd\hk2-config-2.5.0-b42.jar;C:\Users\asus\.gradle\caches\modules-2\files-2.1\org.glassfish.hk2\hk2-core\2.5.0-b42\7a4954663f1b65b1938fd275b34bbf1e23965381\hk2-core-2.5.0-b42.jar;C:\Users\asus\.gradle\caches\modules-2\files-2.1\org.glassfish.hk2\hk2-runlevel\2.5.0-b42\6502d8997ac961f0d2d16d90e838d25626c1a37b\hk2-runlevel-2.5.0-b42.jar;C:\Users\asus\.gradle\caches\modules-2\files-2.1\org.glassfish.hk2\hk2-locator\2.5.0-b42\9d6edc0cb226401a8316e67d81bfc37cb626ef91\hk2-locator-2.5.0-b42.jar;C:\Users\asus\.gradle\caches\modules-2\files-2.1\org.glassfish.hk2\hk2-api\2.5.0-b42\7fd4e3d0f2cb37c80ad0dedee3f5ee69503eaf52\hk2-api-2.5.0-b42.jar;C:\Users\asus\.gradle\caches\modules-2\files-2.1\org.glassfish.hk2\hk2-utils\2.5.0-b42\102a344e1728825e865a8986d7605602aba3c3b6\hk2-utils-2.5.0-b42.jar;C:\Users\asus\.gradle\caches\modules-2\files-2.1\javax.annotation\javax.annotation-api\1.3.1\20a2c0583598d68b0835474bbe07792d4f3b219f\javax.annotation-api-1.3.1.jar;C:\Users\asus\.gradle\caches\modules-2\files-2.1\org.yaml\snakeyaml\1.19\2d998d3d674b172a588e54ab619854d073f555b5\snakeyaml-1.19.jar;C:\Users\asus\.gradle\caches\modules-2\files-2.1\org.aspectj\aspectjweaver\1.8.12\87be4d5a1c68004a247a62c011fa63da786965fb\aspectjweaver-1.8.12.jar;C:\Users\asus\.gradle\caches\modules-2\files-2.1\com.zaxxer\HikariCP\2.7.3\3e2feaa6010280774a19def08acf272e6a60aef7\HikariCP-2.7.3.jar;C:\Users\asus\.gradle\caches\modules-2\files-2.1\org.hibernate.common\hibernate-commons-annotations\5.0.1.Final\71e1cff3fcb20d3b3af4f3363c3ddb24d33c6879\hibernate-commons-annotations-5.0.1.Final.jar;C:\Users\asus\.gradle\caches\modules-2\files-2.1\org.jboss.logging\jboss-logging\3.3.1.Final\c46217ab74b532568c0ed31dc599db3048bd1b67\jboss-logging-3.3.1.Final.jar;C:\Users\asus\.gradle\caches\modules-2\files-2.1\org.hibernate.javax.persistence\hibernate-jpa-2.1-api\1.0.0.Final\5e731d961297e5a07290bfaf3db1fbc8bbbf405a\hibernate-jpa-2.1-api-1.0.0.Final.jar;C:\Users\asus\.gradle\caches\modules-2\files-2.1\org.javassist\javassist\3.22.0-CR2\44eaf0990dea92f4bca4b9931b2239c0e8756ee7\javassist-3.22.0-CR2.jar;C:\Users\asus\.gradle\caches\modules-2\files-2.1\antlr\antlr\2.7.7\83cd2cd674a217ade95a4bb83a8a14f351f48bd0\antlr-2.7.7.jar;C:\Users\asus\.gradle\caches\modules-2\files-2.1\org.jboss\jandex\2.0.3.Final\bfc4d6257dbff7a33a357f0de116be6ff951d849\jandex-2.0.3.Final.jar;C:\Users\asus\.gradle\caches\modules-2\files-2.1\com.fasterxml\classmate\1.3.4\3d5f48f10bbe4eb7bd862f10c0583be2e0053c6\classmate-1.3.4.jar;C:\Users\asus\.gradle\caches\modules-2\files-2.1\dom4j\dom4j\1.6.1\5d3ccc056b6f056dbf0dddfdf43894b9065a8f94\dom4j-1.6.1.jar;C:\Users\asus\.gradle\caches\modules-2\files-2.1\org.thymeleaf\thymeleaf\3.0.9.RELEASE\64185cca50ac808ad034841c84b4013f955465d2\thymeleaf-3.0.9.RELEASE.jar;C:\Users\asus\.gradle\caches\modules-2\files-2.1\ch.qos.logback\logback-classic\1.2.3\7c4f3c474fb2c041d8028740440937705ebb473a\logback-classic-1.2.3.jar;C:\Users\asus\.gradle\caches\modules-2\files-2.1\org.apache.logging.log4j\log4j-to-slf4j\2.9.1\fa8732bfe20d04d0ad910cf27d1482c76b82b76a\log4j-to-slf4j-2.9.1.jar;C:\Users\asus\.gradle\caches\modules-2\files-2.1\org.slf4j\jul-to-slf4j\1.7.25\af5364cd6679bfffb114f0dec8a157aaa283b76\jul-to-slf4j-1.7.25.jar;C:\Users\asus\.gradle\caches\modules-2\files-2.1\org.slf4j\log4j-over-slf4j\1.7.25\a87bb47468f47ee7aabbd54f93e133d4215769c3\log4j-over-slf4j-1.7.25.jar;C:\Users\asus\.gradle\caches\modules-2\files-2.1\org.slf4j\slf4j-api\1.7.25\da76ca59f6a57ee3102f8f9bd9cee742973efa8a\slf4j-api-1.7.25.jar;C:\Users\asus\.gradle\caches\modules-2\files-2.1\com.fasterxml.jackson.datatype\jackson-datatype-jdk8\2.9.2\9b0b7c623262e29c73e8f6a78f6150372d2066f8\jackson-datatype-jdk8-2.9.2.jar;C:\Users\asus\.gradle\caches\modules-2\files-2.1\com.fasterxml.jackson.datatype\jackson-datatype-jsr310\2.9.2\e1653d338703d8233cc1ac18c6722510bdaceb4f\jackson-datatype-jsr310-2.9.2.jar;C:\Users\asus\.gradle\caches\modules-2\files-2.1\com.fasterxml.jackson.module\jackson-module-parameter-names\2.9.2\be78ca220839b2c53ebd33fd4d580b5a0cacdd5a\jackson-module-parameter-names-2.9.2.jar;C:\Users\asus\.gradle\caches\modules-2\files-2.1\com.fasterxml.jackson.module\jackson-module-kotlin\2.9.2\a9cf72ae68a641ade45c400b6cec2d363818f11b\jackson-module-kotlin-2.9.2.jar;C:\Users\asus\.gradle\caches\modules-2\files-2.1\com.fasterxml.jackson.module\jackson-module-jaxb-annotations\2.9.2\8abd01f740ef04d05811bbca5612371bf034b05e\jackson-module-jaxb-annotations-2.9.2.jar;C:\Users\asus\.gradle\caches\modules-2\files-2.1\com.fasterxml.jackson.core\jackson-databind\2.9.2\1d8d8cb7cf26920ba57fb61fa56da88cc123b21f\jackson-databind-2.9.2.jar;C:\Users\asus\.gradle\caches\modules-2\files-2.1\org.apache.tomcat.embed\tomcat-embed-websocket\8.5.23\52f07abcae10dc7e1764304b0877def175c2c833\tomcat-embed-websocket-8.5.23.jar;C:\Users\asus\.gradle\caches\modules-2\files-2.1\org.apache.tomcat.embed\tomcat-embed-core\8.5.23\79261793a47f507890ee08f749b9d81774e4f7f0\tomcat-embed-core-8.5.23.jar;C:\Users\asus\.gradle\caches\modules-2\files-2.1\org.apache.tomcat.embed\tomcat-embed-el\8.5.23\98d979cde444dffa6d434c8377d0123b2dfa614c\tomcat-embed-el-8.5.23.jar;C:\Users\asus\.gradle\caches\modules-2\files-2.1\org.glassfish.jersey.ext\jersey-entity-filtering\2.26\a8ea15c9cd0bd8b090dbbf0f0e43aa39604f3433\jersey-entity-filtering-2.26.jar;C:\Users\asus\.gradle\caches\modules-2\files-2.1\javax.ws.rs\javax.ws.rs-api\2.1\426a0862406536e690c7caa8bb6ed32191986fac\javax.ws.rs-api-2.1.jar;C:\Users\asus\.gradle\caches\modules-2\files-2.1\javax.validation\validation-api\2.0.0.Final\4a7ff48084bd336c4de1f79f027f6f77badf399e\validation-api-2.0.0.Final.jar;C:\Users\asus\.gradle\caches\modules-2\files-2.1\com.fasterxml.jackson.core\jackson-annotations\2.9.0\7c10d545325e3a6e72e06381afe469fd40eb701\jackson-annotations-2.9.0.jar;C:\Users\asus\.gradle\caches\modules-2\files-2.1\net.minidev\json-smart\2.3\7396407491352ce4fa30de92efb158adb76b5b\json-smart-2.3.jar;C:\Users\asus\.gradle\caches\modules-2\files-2.1\net.bytebuddy\byte-buddy\1.7.9\51218a01a882c04d0aba8c028179cce488bbcb58\byte-buddy-1.7.9.jar;C:\Users\asus\.gradle\caches\modules-2\files-2.1\net.bytebuddy\byte-buddy-agent\1.7.9\a6c65f9da7f467ee1f02ff2841ffd3155aee2fc9\byte-buddy-agent-1.7.9.jar;C:\Users\asus\.gradle\caches\modules-2\files-2.1\org.objenesis\objenesis\2.6\639033469776fd37c08358c6b92a4761feb2af4b\objenesis-2.6.jar;C:\Users\asus\.gradle\caches\modules-2\files-2.1\com.vaadin.external.google\android-json\0.0.20131108.vaadin1\fa26d351fe62a6a17f5cda1287c1c6110dec413f\android-json-0.0.20131108.vaadin1.jar;C:\Users\asus\.gradle\caches\modules-2\files-2.1\com.fasterxml.jackson.core\jackson-core\2.9.2\aed20e50152a2f19adc1995c8d8f307c7efa414d\jackson-core-2.9.2.jar;C:\Users\asus\.gradle\caches\modules-2\files-2.1\org.apache.tomcat\tomcat-annotations-api\8.5.23\aaf17df9fe0240e9e9d5375d24d5f177174b73d9\tomcat-annotations-api-8.5.23.jar;C:\Users\asus\.gradle\caches\modules-2\files-2.1\org.glassfish.hk2\osgi-resource-locator\1.0.1\4ed2b2d4738aed5786cfa64cba5a332779c4c708\osgi-resource-locator-1.0.1.jar;C:\Users\asus\.gradle\caches\modules-2\files-2.1\org.glassfish.hk2\class-model\2.5.0-b42\a9824e8ed9748f3622394d6d32098cc1bb2a0ea1\class-model-2.5.0-b42.jar;C:\Users\asus\.gradle\caches\modules-2\files-2.1\org.attoparser\attoparser\2.0.4.RELEASE\5cf02c4d8303a81f0c80971bb1dcd40d3ba96009\attoparser-2.0.4.RELEASE.jar;C:\Users\asus\.gradle\caches\modules-2\files-2.1\org.unbescape\unbescape\1.1.5.RELEASE\46dc644ea9c234317d926ebac5bf5d8f114dc1ba\unbescape-1.1.5.RELEASE.jar;C:\Users\asus\.gradle\caches\modules-2\files-2.1\net.minidev\accessors-smart\1.2\c592b500269bfde36096641b01238a8350f8aa31\accessors-smart-1.2.jar;C:\Users\asus\.gradle\caches\modules-2\files-2.1\ch.qos.logback\logback-core\1.2.3\864344400c3d4d92dfeb0a305dc87d953677c03c\logback-core-1.2.3.jar;C:\Users\asus\.gradle\caches\modules-2\files-2.1\org.apache.logging.log4j\log4j-api\2.9.1\7a2999229464e7a324aa503c0a52ec0f05efe7bd\log4j-api-2.9.1.jar;C:\Users\asus\.gradle\caches\modules-2\files-2.1\org.glassfish.hk2.external\aopalliance-repackaged\2.5.0-b42\e74beab6ca12e9e745eb47ca61729d9452b96f0c\aopalliance-repackaged-2.5.0-b42.jar;C:\Users\asus\.gradle\caches\modules-2\files-2.1\javax.inject\javax.inject\1\6975da39a7040257bd51d21a231b76c915872d38\javax.inject-1.jar;C:\Users\asus\.gradle\caches\modules-2\files-2.1\org.glassfish.hk2.external\asm-all-repackaged\2.5.0-b42\3afd5d4f63116e8c00b430f32092282e5e475ce8\asm-all-repackaged-2.5.0-b42.jar;C:\Users\asus\.gradle\caches\modules-2\files-2.1\org.ow2.asm\asm\5.0.4\da08b8cce7bbf903602a25a3a163ae252435795\asm-5.0.4.jar, user.name=asus, java.vm.specification.version=1.8, sun.java.command=worker.org.gradle.process.internal.worker.GradleWorkerMain 'Gradle Test Executor 1', java.home=D:\JDK1.8.0\jre, sun.arch.data.model=32, user.language=it, java.specification.vendor=Oracle Corporation, awt.toolkit=sun.awt.windows.WToolkit, java.vm.info=mixed mode, java.version=1.8.0_144, java.ext.dirs=D:\JDK1.8.0\jre\lib\ext;C:\WINDOWS\Sun\Java\lib\ext, sun.boot.class.path=D:\JDK1.8.0\jre\lib\resources.jar;D:\JDK1.8.0\jre\lib\rt.jar;D:\JDK1.8.0\jre\lib\sunrsasign.jar;D:\JDK1.8.0\jre\lib\jsse.jar;D:\JDK1.8.0\jre\lib\jce.jar;D:\JDK1.8.0\jre\lib\charsets.jar;D:\JDK1.8.0\jre\lib\jfr.jar;D:\JDK1.8.0\jre\classes, java.vendor=Oracle Corporation, org.gradle.test.worker=1, file.separator=\, java.vendor.url.bug=http://bugreport.sun.com/bugreport/, sun.io.unicode.encoding=UnicodeLittle, sun.cpu.endian=little, sun.desktop=windows, sun.cpu.isalist=pentium_pro+mmx pentium_pro pentium+mmx pentium i486 i386 i86}}, SystemEnvironmentPropertySource@3349270 {name='systemEnvironment', properties={PATH=C:\Users\asus\bin;C:\Program Files\Git\mingw64\bin;C:\Program Files\Git\usr\local\bin;C:\Program Files\Git\usr\bin;C:\Program Files\Git\usr\bin;C:\Program Files\Git\mingw64\bin;C:\Program Files\Git\usr\bin;C:\Users\asus\bin;C:\Program Files (x86)\Intel\iCLS Client;C:\Program Files\Intel\iCLS Client;C:\WINDOWS\system32;C:\WINDOWS;C:\WINDOWS\System32\Wbem;C:\WINDOWS\System32\WindowsPowerShell\v1.0;C:\Program Files (x86)\Windows Live\Shared;C:\Program Files\Intel\Intel(R) Management Engine Components\DAL;C:\Program Files\Intel\Intel(R) Management Engine Components\IPT;C:\Program Files (x86)\Intel\Intel(R) Management Engine Components\DAL;C:\Program Files (x86)\Intel\Intel(R) Management Engine Components\IPT;C:\Program Files (x86)\Calibre2;C:\Program Files\Amazon\AWSCLI;C:\Program Files (x86)\QuickTime\QTSystem;C:\Program Files\Crucial\Crucial Storage Executive;C:\Program Files (x86)\Common Files\Acronis\SnapAPI;D:\JDK1.8.0\bin;D:\Projects\UniServerZ-12.0.4\core\php56;C:\ProgramData\ComposerSetup\bin;C:\Program Files\VisualSVN Server\bin;C:\Program Files (x86)\Skype\Phone;C:\Program Files (x86)\Yarn\bin;C:\Program Files\nodejs;C:\Program Files (x86)\NVIDIA Corporation\PhysX\Common;C:\WINDOWS\system32;C:\WINDOWS;C:\WINDOWS\System32\Wbem;C:\WINDOWS\System32\WindowsPowerShell\v1.0;C:\Users\asus\AppData\Roaming\Composer\vendor\bin;C:\Users\asus\AppData\Local\Microsoft\WindowsApps;C:\Users\asus\AppData\Local\Yarn\bin;C:\Users\asus\AppData\Roaming\npm;C:\Program Files\Git\usr\bin\vendor_perl;C:\Program Files\Git\usr\bin\core_perl, USERDOMAIN_ROAMINGPROFILE=OJOKO, PKG_CONFIG_PATH=C:\Program Files\Git\mingw64\lib\pkgconfig;C:\Program Files\Git\mingw64\share\pkgconfig, PROCESSOR_LEVEL=6, SYSTEMDRIVE=C:, FP_NO_HOST_CHECK=NO, SESSIONNAME=Console, ALLUSERSPROFILE=C:\ProgramData, PROCESSOR_ARCHITECTURE=x86, PSModulePath=C:\WINDOWS\system32\WindowsPowerShell\v1.0\Modules\;C:\Program Files\VisualSVN Server\PowerShellModules, PROGRAMFILES=C:\Program Files (x86), USERNAME=asus, PWD=C:/Projects/Spring/movie-store-springboot-tutorial, ProgramFiles(x86)=C:\Program Files (x86), INFOPATH=C:\Program Files\Git\usr\local\info;C:\Program Files\Git\usr\share\info;C:\Program Files\Git\usr\info;C:\Program Files\Git\share\info, VISUALSVN_SERVER=C:\Program Files\VisualSVN Server\, FPS_BROWSER_USER_PROFILE_STRING=Default, PATHEXT=.COM;.EXE;.BAT;.CMD;.VBS;.VBE;.JS;.JSE;.WSF;.WSH;.MSC, SHELL=C:\Program Files\Git\usr\bin\bash, PROCESSOR_ARCHITEW6432=AMD64, OLDPWD=C:/Projects/Spring/movie-store-springboot-tutorial, TMPDIR=C:\Users\asus\AppData\Local\Temp, WINDIR=C:\WINDOWS, ProgramData=C:\ProgramData, ProgramW6432=C:\Program Files, SSH_ASKPASS=C:/Program Files/Git/mingw64/libexec/git-core/git-gui--askpass, HOMEPATH=\Users\asus, PROCESSOR_IDENTIFIER=Intel64 Family 6 Model 58 Stepping 9, GenuineIntel, PUBLIC=C:\Users\Public, =::=::\, EXEPATH=C:\Program Files\Git, SHLVL=1, LOCALAPPDATA=C:\Users\asus\AppData\Local, MANPATH=C:\Program Files\Git\mingw64\share\man;C:\Program Files\Git\usr\local\man;C:\Program Files\Git\usr\share\man;C:\Program Files\Git\usr\man;C:\Program Files\Git\share\man, USERDOMAIN=OJOKO, FPS_BROWSER_APP_PROFILE_STRING=Internet Explorer, LOGONSERVER=\\OJOKO, JAVA_HOME=D:\JDK1.8.0, PLINK_PROTOCOL=ssh, TERM=xterm, LANG=it_IT.UTF-8, asl.log=Destination=file, DISPLAY=needs-to-be-defined, MSYSTEM=MINGW64, OneDrive=C:\Users\asus\OneDrive, QT_DEVICE_PIXEL_RATIO=auto, APPDATA=C:\Users\asus\AppData\Roaming, SYSTEMROOT=C:\WINDOWS, VBOX_MSI_INSTALL_PATH=C:\Program Files\Oracle\VirtualBox\, OS=Windows_NT, COMPUTERNAME=OJOKO, COMMONPROGRAMFILES=C:\Program Files (x86)\Common Files, COMSPEC=C:\WINDOWS\system32\cmd.exe, PROCESSOR_REVISION=3a09, CommonProgramW6432=C:\Program Files\Common Files, ACLOCAL_PATH=C:\Program Files\Git\mingw64\share\aclocal;C:\Program Files\Git\usr\share\aclocal, PRINTER=Samsung ML-1610 Series, TEMP=C:\Users\asus\AppData\Local\Temp, HOSTNAME=ojoko, HOMEDRIVE=C:, USERPROFILE=C:\Users\asus, TMP=C:\Users\asus\AppData\Local\Temp, CommonProgramFiles(x86)=C:\Program Files (x86)\Common Files, NUMBER_OF_PROCESSORS=8, DOCKER_TOOLBOX_INSTALL_PATH=C:\Program Files\Docker Toolbox, HOME=C:\Users\asus}}]
08:05:46.170 [Test worker] DEBUG org.springframework.core.io.support.PathMatchingResourcePatternResolver - Resolved classpath location [com/moviestore/] to resources [URL [file:/C:/Projects/Spring/movie-store-springboot-tutorial/build/classes/java/test/com/moviestore/], URL [file:/C:/Projects/Spring/movie-store-springboot-tutorial/build/classes/java/main/com/moviestore/]]
08:05:46.171 [Test worker] DEBUG org.springframework.core.io.support.PathMatchingResourcePatternResolver - Looking for matching resources in directory tree [C:\Projects\Spring\movie-store-springboot-tutorial\build\classes\java\test\com\moviestore]
08:05:46.171 [Test worker] DEBUG org.springframework.core.io.support.PathMatchingResourcePatternResolver - Searching directory [C:\Projects\Spring\movie-store-springboot-tutorial\build\classes\java\test\com\moviestore] for files matching pattern [C:/Projects/Spring/movie-store-springboot-tutorial/build/classes/java/test/com/moviestore/*.class]
08:05:46.173 [Test worker] DEBUG org.springframework.core.io.support.PathMatchingResourcePatternResolver - Looking for matching resources in directory tree [C:\Projects\Spring\movie-store-springboot-tutorial\build\classes\java\main\com\moviestore]
08:05:46.173 [Test worker] DEBUG org.springframework.core.io.support.PathMatchingResourcePatternResolver - Searching directory [C:\Projects\Spring\movie-store-springboot-tutorial\build\classes\java\main\com\moviestore] for files matching pattern [C:/Projects/Spring/movie-store-springboot-tutorial/build/classes/java/main/com/moviestore/*.class]
08:05:46.174 [Test worker] DEBUG org.springframework.core.io.support.PathMatchingResourcePatternResolver - Resolved location pattern [classpath*:com/moviestore/*.class] to resources [file [C:\Projects\Spring\movie-store-springboot-tutorial\build\classes\java\test\com\moviestore\MoviestoreApplicationTests.class], file [C:\Projects\Spring\movie-store-springboot-tutorial\build\classes\java\main\com\moviestore\MoviestoreApplication.class]]
08:05:46.211 [Test worker] DEBUG org.springframework.context.annotation.ClassPathScanningCandidateComponentProvider - Identified candidate component class: file [C:\Projects\Spring\movie-store-springboot-tutorial\build\classes\java\main\com\moviestore\MoviestoreApplication.class]
08:05:46.212 [Test worker] INFO org.springframework.boot.test.context.SpringBootTestContextBootstrapper - Found @SpringBootConfiguration com.moviestore.MoviestoreApplication for test class com.moviestore.MoviestoreApplicationTests
08:05:46.338 [Test worker] DEBUG org.springframework.boot.test.context.SpringBootTestContextBootstrapper - @TestExecutionListeners is not present for class [com.moviestore.MoviestoreApplicationTests]: using defaults.
08:05:46.339 [Test worker] INFO org.springframework.boot.test.context.SpringBootTestContextBootstrapper - Loaded default TestExecutionListener class names from location [META-INF/spring.factories]: [org.springframework.boot.test.autoconfigure.restdocs.RestDocsTestExecutionListener, org.springframework.boot.test.autoconfigure.web.client.MockRestServiceServerResetTestExecutionListener, org.springframework.boot.test.autoconfigure.web.servlet.MockMvcPrintOnlyOnFailureTestExecutionListener, org.springframework.boot.test.autoconfigure.web.servlet.WebDriverTestExecutionListener, org.springframework.boot.test.mock.mockito.MockitoTestExecutionListener, org.springframework.boot.test.mock.mockito.ResetMocksTestExecutionListener, org.springframework.test.context.web.ServletTestExecutionListener, org.springframework.test.context.support.DirtiesContextBeforeModesTestExecutionListener, org.springframework.test.context.support.DependencyInjectionTestExecutionListener, org.springframework.test.context.support.DirtiesContextTestExecutionListener, org.springframework.test.context.transaction.TransactionalTestExecutionListener, org.springframework.test.context.jdbc.SqlScriptsTestExecutionListener]
08:05:46.358 [Test worker] INFO org.springframework.boot.test.context.SpringBootTestContextBootstrapper - Using TestExecutionListeners: [org.springframework.test.context.web.ServletTestExecutionListener@1e4df7b, org.springframework.test.context.support.DirtiesContextBeforeModesTestExecutionListener@1bc30ba, org.springframework.boot.test.autoconfigure.SpringBootDependencyInjectionTestExecutionListener@b8e325, org.springframework.test.context.support.DirtiesContextTestExecutionListener@1f56dc4, org.springframework.test.context.transaction.TransactionalTestExecutionListener@d37b06, org.springframework.test.context.jdbc.SqlScriptsTestExecutionListener@36abc6, org.springframework.boot.test.autoconfigure.web.client.MockRestServiceServerResetTestExecutionListener@1d8d32e, org.springframework.boot.test.autoconfigure.web.servlet.MockMvcPrintOnlyOnFailureTestExecutionListener@19d1e5c, org.springframework.boot.test.mock.mockito.ResetMocksTestExecutionListener@415e22, org.springframework.boot.test.autoconfigure.web.servlet.WebDriverTestExecutionListener@10cb7b7, org.springframework.boot.test.autoconfigure.restdocs.RestDocsTestExecutionListener@544b5b, org.springframework.boot.test.mock.mockito.MockitoTestExecutionListener@1d2c7b3]
08:05:46.360 [Test worker] DEBUG org.springframework.test.annotation.ProfileValueUtils - Retrieved @ProfileValueSourceConfiguration [null] for test class [com.moviestore.MoviestoreApplicationTests]
08:05:46.360 [Test worker] DEBUG org.springframework.test.annotation.ProfileValueUtils - Retrieved ProfileValueSource type [class org.springframework.test.annotation.SystemProfileValueSource] for class [com.moviestore.MoviestoreApplicationTests]
08:05:46.361 [Test worker] DEBUG org.springframework.test.annotation.ProfileValueUtils - Retrieved @ProfileValueSourceConfiguration [null] for test class [com.moviestore.MoviestoreApplicationTests]
08:05:46.361 [Test worker] DEBUG org.springframework.test.annotation.ProfileValueUtils - Retrieved ProfileValueSource type [class org.springframework.test.annotation.SystemProfileValueSource] for class [com.moviestore.MoviestoreApplicationTests]
08:05:46.365 [Test worker] DEBUG org.springframework.test.context.support.AbstractDirtiesContextTestExecutionListener - Before test class: context [DefaultTestContext@b98158 testClass = MoviestoreApplicationTests, testInstance = [null], testMethod = [null], testException = [null], mergedContextConfiguration = [WebMergedContextConfiguration@14e1523 testClass = MoviestoreApplicationTests, locations = 'Before test class: context [DefaultTestContext@b98158 testClass = MoviestoreApplicationTests, testInstance = [null], testMethod = [null], testException = [null], mergedContextConfiguration = [WebMergedContextConfiguration@14e1523 testClass = MoviestoreApplicationTests, locations = '{}', classes = '{class com.moviestore.MoviestoreApplication}', contextInitializerClasses = '[]', activeProfiles = '{}', propertySourceLocations = '{}', propertySourceProperties = '{org.springframework.boot.test.context.SpringBootTestContextBootstrapper=true}', contextCustomizers = set[org.springframework.boot.test.autoconfigure.properties.PropertyMappingContextCustomizer@0, org.springframework.boot.test.autoconfigure.web.servlet.WebDriverContextCustomizerFactory$Customizer@1b6163a, org.springframework.boot.test.context.SpringBootTestContextCustomizer@61204c, org.springframework.boot.test.context.filter.ExcludeFilterContextCustomizer@17e5265, org.springframework.boot.test.json.DuplicateJsonObjectContextCustomizerFactory$DuplicateJsonObjectContextCustomizer@d1babd, org.springframework.boot.test.mock.mockito.MockitoContextCustomizer@0], resourceBasePath = 'src/main/webapp', contextLoader = 'org.springframework.boot.test.context.SpringBootContextLoader', parent = [null]], attributes = map['org.springframework.test.context.web.ServletTestExecutionListener.activateListener' -> true]], class annotated with @DirtiesContext [false] with mode [null].', classes = '{class com.moviestore.MoviestoreApplication}', contextInitializerClasses = '[]', activeProfiles = '{}', propertySourceLocations = '{}', propertySourceProperties = '{org.springframework.boot.test.context.SpringBootTestContextBootstrapper=true}', contextCustomizers = set[org.springframework.boot.test.autoconfigure.properties.PropertyMappingContextCustomizer@0, org.springframework.boot.test.autoconfigure.web.servlet.WebDriverContextCustomizerFactory$Customizer@1b6163a, org.springframework.boot.test.context.SpringBootTestContextCustomizer@61204c, org.springframework.boot.test.context.filter.ExcludeFilterContextCustomizer@17e5265, org.springframework.boot.test.json.DuplicateJsonObjectContextCustomizerFactory$DuplicateJsonObjectContextCustomizer@d1babd, org.springframework.boot.test.mock.mockito.MockitoContextCustomizer@0], resourceBasePath = 'src/main/webapp', contextLoader = 'org.springframework.boot.test.context.SpringBootContextLoader', parent = [null]], attributes = map['org.springframework.test.context.web.ServletTestExecutionListener.activateListener' -> true]], class annotated with @DirtiesContext [false] with mode [null].
08:05:46.365 [Test worker] DEBUG org.springframework.test.annotation.ProfileValueUtils - Retrieved @ProfileValueSourceConfiguration [null] for test class [com.moviestore.MoviestoreApplicationTests]
08:05:46.365 [Test worker] DEBUG org.springframework.test.annotation.ProfileValueUtils - Retrieved ProfileValueSource type [class org.springframework.test.annotation.SystemProfileValueSource] for class [com.moviestore.MoviestoreApplicationTests]
08:05:46.384 [Test worker] DEBUG org.springframework.core.env.StandardEnvironment - Adding PropertySource 'systemProperties' with lowest search precedence
08:05:46.384 [Test worker] DEBUG org.springframework.core.env.StandardEnvironment - Adding PropertySource 'systemEnvironment' with lowest search precedence
08:05:46.385 [Test worker] DEBUG org.springframework.core.env.StandardEnvironment - Initialized StandardEnvironment with PropertySources [MapPropertySource@33118869 {name='systemProperties', properties={java.runtime.name=Java(TM) SE Runtime Environment, sun.boot.library.path=D:\JDK1.8.0\jre\bin, java.vm.version=25.144-b01, java.vm.vendor=Oracle Corporation, java.vendor.url=http://java.oracle.com/, path.separator=;, java.vm.name=Java HotSpot(TM) Client VM, file.encoding.pkg=sun.io, user.script=, sun.java.launcher=SUN_STANDARD, user.country=IT, sun.os.patch.level=, java.vm.specification.name=Java Virtual Machine Specification, user.dir=C:\Projects\Spring\movie-store-springboot-tutorial, java.runtime.version=1.8.0_144-b01, java.awt.graphicsenv=sun.awt.Win32GraphicsEnvironment, java.endorsed.dirs=D:\JDK1.8.0\jre\lib\endorsed, os.arch=x86, java.io.tmpdir=C:\Users\asus\AppData\Local\Temp\, line.separator=
, java.vm.specification.vendor=Oracle Corporation, user.variant=, os.name=Windows 10, sun.jnu.encoding=Cp1252, java.library.path=D:\JDK1.8.0\bin;C:\WINDOWS\Sun\Java\bin;C:\WINDOWS\system32;C:\WINDOWS;C:\Users\asus\bin;C:\Program Files\Git\mingw64\bin;C:\Program Files\Git\usr\local\bin;C:\Program Files\Git\usr\bin;C:\Program Files\Git\usr\bin;C:\Program Files\Git\mingw64\bin;C:\Program Files\Git\usr\bin;C:\Users\asus\bin;C:\Program Files (x86)\Intel\iCLS Client;C:\Program Files\Intel\iCLS Client;C:\WINDOWS\system32;C:\WINDOWS;C:\WINDOWS\System32\Wbem;C:\WINDOWS\System32\WindowsPowerShell\v1.0;C:\Program Files (x86)\Windows Live\Shared;C:\Program Files\Intel\Intel(R) Management Engine Components\DAL;C:\Program Files\Intel\Intel(R) Management Engine Components\IPT;C:\Program Files (x86)\Intel\Intel(R) Management Engine Components\DAL;C:\Program Files (x86)\Intel\Intel(R) Management Engine Components\IPT;C:\Program Files (x86)\Calibre2;C:\Program Files\Amazon\AWSCLI;C:\Program Files (x86)\QuickTime\QTSystem;C:\Program Files\Crucial\Crucial Storage Executive;C:\Program Files (x86)\Common Files\Acronis\SnapAPI;D:\JDK1.8.0\bin;D:\Projects\UniServerZ-12.0.4\core\php56;C:\ProgramData\ComposerSetup\bin;C:\Program Files\VisualSVN Server\bin;C:\Program Files (x86)\Skype\Phone;C:\Program Files (x86)\Yarn\bin;C:\Program Files\nodejs;C:\Program Files (x86)\NVIDIA Corporation\PhysX\Common;C:\WINDOWS\system32;C:\WINDOWS;C:\WINDOWS\System32\Wbem;C:\WINDOWS\System32\WindowsPowerShell\v1.0;C:\Users\asus\AppData\Roaming\Composer\vendor\bin;C:\Users\asus\AppData\Local\Microsoft\WindowsApps;C:\Users\asus\AppData\Local\Yarn\bin;C:\Users\asus\AppData\Roaming\npm;C:\Program Files\Git\usr\bin\vendor_perl;C:\Program Files\Git\usr\bin\core_perl;., java.specification.name=Java Platform API Specification, java.class.version=52.0, org.gradle.native=false, sun.management.compiler=HotSpot Client Compiler, os.version=10.0, user.home=C:\Users\asus, user.timezone=Europe/Berlin, java.awt.printerjob=sun.awt.windows.WPrinterJob, file.encoding=windows-1252, java.specification.version=1.8, java.class.path=C:\Projects\Spring\movie-store-springboot-tutorial\build\classes\java\test;C:\Projects\Spring\movie-store-springboot-tutorial\build\resources\test;C:\Projects\Spring\movie-store-springboot-tutorial\build\classes\java\main;C:\Projects\Spring\movie-store-springboot-tutorial\build\resources\main;C:\Users\asus\.gradle\caches\modules-2\files-2.1\org.springframework.boot\spring-boot-starter-cache\2.0.0.BUILD-SNAPSHOT\90aa2e8b35e4af87ab895a299a99fb01cde062bb\spring-boot-starter-cache-2.0.0.BUILD-SNAPSHOT.jar;C:\Users\asus\.gradle\caches\modules-2\files-2.1\org.springframework.boot\spring-boot-starter-data-jpa\2.0.0.BUILD-SNAPSHOT\d7b0d0716ee017d83288e6fd790d17a29be88d2a\spring-boot-starter-data-jpa-2.0.0.BUILD-SNAPSHOT.jar;C:\Users\asus\.gradle\caches\modules-2\files-2.1\org.springframework.boot\spring-boot-starter-jersey\2.0.0.BUILD-SNAPSHOT\fce0c439d9f65f2c4d9aac237d2d929b9647bb21\spring-boot-starter-jersey-2.0.0.BUILD-SNAPSHOT.jar;C:\Users\asus\.gradle\caches\modules-2\files-2.1\org.springframework.session\spring-session-core\2.0.0.RC1\3cbeecbba0cd1fefb7995a0efc44d37234ee0d71\spring-session-core-2.0.0.RC1.jar;C:\Users\asus\.gradle\caches\modules-2\files-2.1\org.springframework.boot\spring-boot-starter-thymeleaf\2.0.0.BUILD-SNAPSHOT\abaacb6d6f833d4e49e4d0781cd9c676855ebe3c\spring-boot-starter-thymeleaf-2.0.0.BUILD-SNAPSHOT.jar;C:\Users\asus\.gradle\caches\modules-2\files-2.1\org.springframework.boot\spring-boot-starter-web\2.0.0.BUILD-SNAPSHOT\6dfa95fc40a30dcb6451f8b144f7e5f1dc8157ef\spring-boot-starter-web-2.0.0.BUILD-SNAPSHOT.jar;C:\Users\asus\.gradle\caches\modules-2\files-2.1\org.springframework.boot\spring-boot-devtools\2.0.0.BUILD-SNAPSHOT\559c6728c7c1b07dd5c6ae801532357725cca90b\spring-boot-devtools-2.0.0.BUILD-SNAPSHOT.jar;C:\Users\asus\.gradle\caches\modules-2\files-2.1\com.h2database\h2\1.4.196\dd0034398d593aa3588c6773faac429bbd9aea0e\h2-1.4.196.jar;C:\Users\asus\.gradle\caches\modules-2\files-2.1\org.springframework.boot\spring-boot-starter-test\2.0.0.BUILD-SNAPSHOT\9c461773f5571d5c19c79865e9b1d76de8166826\spring-boot-starter-test-2.0.0.BUILD-SNAPSHOT.jar;C:\Users\asus\.gradle\caches\modules-2\files-2.1\org.springframework.boot\spring-boot-starter-aop\2.0.0.BUILD-SNAPSHOT\656f8726add625f628d279a77495262c91f6c10f\spring-boot-starter-aop-2.0.0.BUILD-SNAPSHOT.jar;C:\Users\asus\.gradle\caches\modules-2\files-2.1\org.springframework.boot\spring-boot-starter-jdbc\2.0.0.BUILD-SNAPSHOT\67cd04aef896558ddf01666cce209d9c60655e6d\spring-boot-starter-jdbc-2.0.0.BUILD-SNAPSHOT.jar;C:\Users\asus\.gradle\caches\modules-2\files-2.1\org.springframework.boot\spring-boot-starter-json\2.0.0.BUILD-SNAPSHOT\a927bb6841585ee40b34547064c082c30880ac42\spring-boot-starter-json-2.0.0.BUILD-SNAPSHOT.jar;C:\Users\asus\.gradle\caches\modules-2\files-2.1\org.springframework.boot\spring-boot-starter-validation\2.0.0.BUILD-SNAPSHOT\4e115707023db8ca817a6c15a744cad5a257b18b\spring-boot-starter-validation-2.0.0.BUILD-SNAPSHOT.jar;C:\Users\asus\.gradle\caches\modules-2\files-2.1\org.springframework.boot\spring-boot-starter\2.0.0.BUILD-SNAPSHOT\261fc0b04197073ac12c47fb098d9d6da1cdafae\spring-boot-starter-2.0.0.BUILD-SNAPSHOT.jar;C:\Users\asus\.gradle\caches\modules-2\files-2.1\org.springframework\spring-context-support\5.0.2.BUILD-SNAPSHOT\f279cf0dbc906519022ac10597a9c47ca786ee8a\spring-context-support-5.0.2.BUILD-SNAPSHOT.jar;C:\Users\asus\.gradle\caches\modules-2\files-2.1\org.springframework.data\spring-data-jpa\2.0.1.RELEASE\5ccc56fa163f759a24974c684c324a57044d53ce\spring-data-jpa-2.0.1.RELEASE.jar;C:\Users\asus\.gradle\caches\modules-2\files-2.1\org.springframework\spring-webmvc\5.0.2.BUILD-SNAPSHOT\8607b339dcb7c657a6d3580d855f1e585cef4430\spring-webmvc-5.0.2.BUILD-SNAPSHOT.jar;C:\Users\asus\.gradle\caches\modules-2\files-2.1\org.springframework.boot\spring-boot-test-autoconfigure\2.0.0.BUILD-SNAPSHOT\597a15cac172a578bc9dc52ed907833803a28a5\spring-boot-test-autoconfigure-2.0.0.BUILD-SNAPSHOT.jar;C:\Users\asus\.gradle\caches\modules-2\files-2.1\org.springframework.boot\spring-boot-autoconfigure\2.0.0.BUILD-SNAPSHOT\f739f0748a8a8849fb21366ade25f950a918daaf\spring-boot-autoconfigure-2.0.0.BUILD-SNAPSHOT.jar;C:\Users\asus\.gradle\caches\modules-2\files-2.1\org.springframework.boot\spring-boot-test\2.0.0.BUILD-SNAPSHOT\ebd577659b120fb8a2d966367a369d5027b41fbf\spring-boot-test-2.0.0.BUILD-SNAPSHOT.jar;C:\Users\asus\.gradle\caches\modules-2\files-2.1\org.springframework.boot\spring-boot\2.0.0.BUILD-SNAPSHOT\deae21583ab59c8482e3095397e87774f67032c5\spring-boot-2.0.0.BUILD-SNAPSHOT.jar;C:\Users\asus\.gradle\caches\modules-2\files-2.1\org.glassfish.jersey.ext\jersey-spring4\2.26\e5f2654b343c31078d9b5c8a4f43b838b320099f\jersey-spring4-2.26.jar;C:\Users\asus\.gradle\caches\modules-2\files-2.1\org.glassfish.hk2\spring-bridge\2.5.0-b42\7cedc63a9079e87b5a2685c054e61cfce8c44837\spring-bridge-2.5.0-b42.jar;C:\Users\asus\.gradle\caches\modules-2\files-2.1\org.springframework\spring-context\5.0.2.BUILD-SNAPSHOT\535e51999756984615f5adab9ed3fba4c2899aae\spring-context-5.0.2.BUILD-SNAPSHOT.jar;C:\Users\asus\.gradle\caches\modules-2\files-2.1\org.hibernate\hibernate-core\5.2.12.Final\ea479b6692e22c9b642dd4142db670e92d106544\hibernate-core-5.2.12.Final.jar;C:\Users\asus\.gradle\caches\modules-2\files-2.1\javax.transaction\javax.transaction-api\1.2\d81aff979d603edd90dcd8db2abc1f4ce6479e3e\javax.transaction-api-1.2.jar;C:\Users\asus\.gradle\caches\modules-2\files-2.1\org.springframework\spring-aspects\5.0.2.BUILD-SNAPSHOT\9b9c464c7ee02dfcd05e1451256128eab01f3268\spring-aspects-5.0.2.BUILD-SNAPSHOT.jar;C:\Users\asus\.gradle\caches\modules-2\files-2.1\org.springframework.boot\spring-boot-starter-tomcat\2.0.0.BUILD-SNAPSHOT\8e13e62001d2929e15c23fa27d9551a3f44e4da5\spring-boot-starter-tomcat-2.0.0.BUILD-SNAPSHOT.jar;C:\Users\asus\.gradle\caches\modules-2\files-2.1\org.springframework\spring-web\5.0.2.BUILD-SNAPSHOT\f32d994b0aa9cf28698afd3073ea60d968808a46\spring-web-5.0.2.BUILD-SNAPSHOT.jar;C:\Users\asus\.gradle\caches\modules-2\files-2.1\org.glassfish.jersey.containers\jersey-container-servlet\2.26\8723d05d1fe2fdda54d0921836ea5daa5abe5f00\jersey-container-servlet-2.26.jar;C:\Users\asus\.gradle\caches\modules-2\files-2.1\org.glassfish.jersey.containers\jersey-container-servlet-core\2.26\66a0d51facf1e49e2353ff0d2a2d4a9e2fa3f836\jersey-container-servlet-core-2.26.jar;C:\Users\asus\.gradle\caches\modules-2\files-2.1\org.glassfish.jersey.ext\jersey-bean-validation\2.26\33747b4e8a07c53550ee1cbe7fc4321600842c5a\jersey-bean-validation-2.26.jar;C:\Users\asus\.gradle\caches\modules-2\files-2.1\org.glassfish.jersey.core\jersey-server\2.26\aa8eff3d591641dadd7c9880bb73b59bf46d4c82\jersey-server-2.26.jar;C:\Users\asus\.gradle\caches\modules-2\files-2.1\org.glassfish.jersey.media\jersey-media-json-jackson\2.26\ce3109479991527107921ca5e7943a6e7e20db80\jersey-media-json-jackson-2.26.jar;C:\Users\asus\.gradle\caches\modules-2\files-2.1\org.springframework\spring-test\5.0.2.BUILD-SNAPSHOT\bc8edd8eb3c9203f405124fe95866c7b37b6d9d5\spring-test-5.0.2.BUILD-SNAPSHOT.jar;C:\Users\asus\.gradle\caches\modules-2\files-2.1\org.springframework\spring-expression\5.0.2.BUILD-SNAPSHOT\d466eb05f270afb548a5b8f0e8f4b272de55f72d\spring-expression-5.0.2.BUILD-SNAPSHOT.jar;C:\Users\asus\.gradle\caches\modules-2\files-2.1\org.springframework\spring-aop\5.0.2.BUILD-SNAPSHOT\a1d3c20787cb784c5d2ef0514e44cae287ef06b9\spring-aop-5.0.2.BUILD-SNAPSHOT.jar;C:\Users\asus\.gradle\caches\modules-2\files-2.1\org.springframework\spring-orm\5.0.2.BUILD-SNAPSHOT\9d0e35a666eef1d8407f31ab0b69f0597c071ca4\spring-orm-5.0.2.BUILD-SNAPSHOT.jar;C:\Users\asus\.gradle\caches\modules-2\files-2.1\org.springframework\spring-jdbc\5.0.2.BUILD-SNAPSHOT\72272a7d3991a683baa70d22315dac4d893a15e1\spring-jdbc-5.0.2.BUILD-SNAPSHOT.jar;C:\Users\asus\.gradle\caches\modules-2\files-2.1\org.springframework.data\spring-data-commons\2.0.1.RELEASE\a2b6a1397b97315f816f106779ab8cbcc840eb40\spring-data-commons-2.0.1.RELEASE.jar;C:\Users\asus\.gradle\caches\modules-2\files-2.1\org.springframework\spring-tx\5.0.2.BUILD-SNAPSHOT\f4cfed529d390dddb009de940ecea79294233e82\spring-tx-5.0.2.BUILD-SNAPSHOT.jar;C:\Users\asus\.gradle\caches\modules-2\files-2.1\org.springframework\spring-beans\5.0.2.BUILD-SNAPSHOT\357f9480564f692b690eaba70dcde2d816bb10e8\spring-beans-5.0.2.BUILD-SNAPSHOT.jar;C:\Users\asus\.gradle\caches\modules-2\files-2.1\org.springframework\spring-core\5.0.2.BUILD-SNAPSHOT\5d43274350fc0995873953710468a899508cf74f\spring-core-5.0.2.BUILD-SNAPSHOT.jar;C:\Users\asus\.gradle\caches\modules-2\files-2.1\org.springframework\spring-jcl\5.0.2.BUILD-SNAPSHOT\118afc6b0cf385b7bce8129113b5eb18581575e7\spring-jcl-5.0.2.BUILD-SNAPSHOT.jar;C:\Users\asus\.gradle\caches\modules-2\files-2.1\org.thymeleaf\thymeleaf-spring5\3.0.9.RELEASE\abf84efd83808a70d982d2790f7f3a7bd3a39cf4\thymeleaf-spring5-3.0.9.RELEASE.jar;C:\Users\asus\.gradle\caches\modules-2\files-2.1\org.thymeleaf.extras\thymeleaf-extras-java8time\3.0.1.RELEASE\d23760d1e53cd70c489ef40dc94ee6bd2371cceb\thymeleaf-extras-java8time-3.0.1.RELEASE.jar;C:\Users\asus\.gradle\caches\modules-2\files-2.1\org.hibernate.validator\hibernate-validator\6.0.4.Final\7b40e0fc3b971e47daa3bd36e82fdac1fd685f8a\hibernate-validator-6.0.4.Final.jar;C:\Users\asus\.gradle\caches\modules-2\files-2.1\com.jayway.jsonpath\json-path\2.4.0\765a4401ceb2dc8d40553c2075eb80a8fa35c2ae\json-path-2.4.0.jar;C:\Users\asus\.gradle\caches\modules-2\files-2.1\junit\junit\4.12\2973d150c0dc1fefe998f834810d68f278ea58ec\junit-4.12.jar;C:\Users\asus\.gradle\caches\modules-2\files-2.1\org.assertj\assertj-core\3.8.0\b209d90ff2e279bee3e02547ee7b11349c52d0e3\assertj-core-3.8.0.jar;C:\Users\asus\.gradle\caches\modules-2\files-2.1\org.mockito\mockito-core\2.12.0\a42fb82aa1eccb27c3f0371c8bc7385ae1c6598d\mockito-core-2.12.0.jar;C:\Users\asus\.gradle\caches\modules-2\files-2.1\org.hamcrest\hamcrest-library\1.3\4785a3c21320980282f9f33d0d1264a69040538f\hamcrest-library-1.3.jar;C:\Users\asus\.gradle\caches\modules-2\files-2.1\org.hamcrest\hamcrest-core\1.3\42a25dc3219429f0e5d060061f71acb49bf010a0\hamcrest-core-1.3.jar;C:\Users\asus\.gradle\caches\modules-2\files-2.1\org.skyscreamer\jsonassert\1.5.0\6c9d5fe2f59da598d9aefc1cfc6528ff3cf32df3\jsonassert-1.5.0.jar;C:\Users\asus\.gradle\caches\modules-2\files-2.1\org.xmlunit\xmlunit-core\2.5.1\4ffdb346572a7356f7521cd3119ce5287d2e339d\xmlunit-core-2.5.1.jar;C:\Users\asus\.gradle\caches\modules-2\files-2.1\org.springframework.boot\spring-boot-starter-logging\2.0.0.BUILD-SNAPSHOT\a8907183d67304ff02f8a70013743eca6e28bd21\spring-boot-starter-logging-2.0.0.BUILD-SNAPSHOT.jar;C:\Users\asus\.gradle\caches\modules-2\files-2.1\org.glassfish.jersey.core\jersey-client\2.26\125b8d1040d121a5dc4ce6858e21a6160bed7afa\jersey-client-2.26.jar;C:\Users\asus\.gradle\caches\modules-2\files-2.1\org.glassfish.jersey.media\jersey-media-jaxb\2.26\791397ceb5d1c8f389664b1de3e4208c2ac1015b\jersey-media-jaxb-2.26.jar;C:\Users\asus\.gradle\caches\modules-2\files-2.1\org.glassfish.jersey.inject\jersey-hk2\2.26\df27f7d7577acf4b532684448021632098924dab\jersey-hk2-2.26.jar;C:\Users\asus\.gradle\caches\modules-2\files-2.1\org.glassfish.jersey.core\jersey-common\2.26\d96475745c5e72cafcbc4dc9e2e725f4d9683f21\jersey-common-2.26.jar;C:\Users\asus\.gradle\caches\modules-2\files-2.1\org.glassfish.hk2\hk2\2.5.0-b42\adc396d57e9cada50f57d32cdabaf31a20a758d\hk2-2.5.0-b42.jar;C:\Users\asus\.gradle\caches\modules-2\files-2.1\org.glassfish.hk2\config-types\2.5.0-b42\3e927a0624955d10bec3eb5424a1e6ca3d5f92ae\config-types-2.5.0-b42.jar;C:\Users\asus\.gradle\caches\modules-2\files-2.1\org.glassfish.hk2\hk2-config\2.5.0-b42\de522871d987e2bf502753c807461f9ee805f6bd\hk2-config-2.5.0-b42.jar;C:\Users\asus\.gradle\caches\modules-2\files-2.1\org.glassfish.hk2\hk2-core\2.5.0-b42\7a4954663f1b65b1938fd275b34bbf1e23965381\hk2-core-2.5.0-b42.jar;C:\Users\asus\.gradle\caches\modules-2\files-2.1\org.glassfish.hk2\hk2-runlevel\2.5.0-b42\6502d8997ac961f0d2d16d90e838d25626c1a37b\hk2-runlevel-2.5.0-b42.jar;C:\Users\asus\.gradle\caches\modules-2\files-2.1\org.glassfish.hk2\hk2-locator\2.5.0-b42\9d6edc0cb226401a8316e67d81bfc37cb626ef91\hk2-locator-2.5.0-b42.jar;C:\Users\asus\.gradle\caches\modules-2\files-2.1\org.glassfish.hk2\hk2-api\2.5.0-b42\7fd4e3d0f2cb37c80ad0dedee3f5ee69503eaf52\hk2-api-2.5.0-b42.jar;C:\Users\asus\.gradle\caches\modules-2\files-2.1\org.glassfish.hk2\hk2-utils\2.5.0-b42\102a344e1728825e865a8986d7605602aba3c3b6\hk2-utils-2.5.0-b42.jar;C:\Users\asus\.gradle\caches\modules-2\files-2.1\javax.annotation\javax.annotation-api\1.3.1\20a2c0583598d68b0835474bbe07792d4f3b219f\javax.annotation-api-1.3.1.jar;C:\Users\asus\.gradle\caches\modules-2\files-2.1\org.yaml\snakeyaml\1.19\2d998d3d674b172a588e54ab619854d073f555b5\snakeyaml-1.19.jar;C:\Users\asus\.gradle\caches\modules-2\files-2.1\org.aspectj\aspectjweaver\1.8.12\87be4d5a1c68004a247a62c011fa63da786965fb\aspectjweaver-1.8.12.jar;C:\Users\asus\.gradle\caches\modules-2\files-2.1\com.zaxxer\HikariCP\2.7.3\3e2feaa6010280774a19def08acf272e6a60aef7\HikariCP-2.7.3.jar;C:\Users\asus\.gradle\caches\modules-2\files-2.1\org.hibernate.common\hibernate-commons-annotations\5.0.1.Final\71e1cff3fcb20d3b3af4f3363c3ddb24d33c6879\hibernate-commons-annotations-5.0.1.Final.jar;C:\Users\asus\.gradle\caches\modules-2\files-2.1\org.jboss.logging\jboss-logging\3.3.1.Final\c46217ab74b532568c0ed31dc599db3048bd1b67\jboss-logging-3.3.1.Final.jar;C:\Users\asus\.gradle\caches\modules-2\files-2.1\org.hibernate.javax.persistence\hibernate-jpa-2.1-api\1.0.0.Final\5e731d961297e5a07290bfaf3db1fbc8bbbf405a\hibernate-jpa-2.1-api-1.0.0.Final.jar;C:\Users\asus\.gradle\caches\modules-2\files-2.1\org.javassist\javassist\3.22.0-CR2\44eaf0990dea92f4bca4b9931b2239c0e8756ee7\javassist-3.22.0-CR2.jar;C:\Users\asus\.gradle\caches\modules-2\files-2.1\antlr\antlr\2.7.7\83cd2cd674a217ade95a4bb83a8a14f351f48bd0\antlr-2.7.7.jar;C:\Users\asus\.gradle\caches\modules-2\files-2.1\org.jboss\jandex\2.0.3.Final\bfc4d6257dbff7a33a357f0de116be6ff951d849\jandex-2.0.3.Final.jar;C:\Users\asus\.gradle\caches\modules-2\files-2.1\com.fasterxml\classmate\1.3.4\3d5f48f10bbe4eb7bd862f10c0583be2e0053c6\classmate-1.3.4.jar;C:\Users\asus\.gradle\caches\modules-2\files-2.1\dom4j\dom4j\1.6.1\5d3ccc056b6f056dbf0dddfdf43894b9065a8f94\dom4j-1.6.1.jar;C:\Users\asus\.gradle\caches\modules-2\files-2.1\org.thymeleaf\thymeleaf\3.0.9.RELEASE\64185cca50ac808ad034841c84b4013f955465d2\thymeleaf-3.0.9.RELEASE.jar;C:\Users\asus\.gradle\caches\modules-2\files-2.1\ch.qos.logback\logback-classic\1.2.3\7c4f3c474fb2c041d8028740440937705ebb473a\logback-classic-1.2.3.jar;C:\Users\asus\.gradle\caches\modules-2\files-2.1\org.apache.logging.log4j\log4j-to-slf4j\2.9.1\fa8732bfe20d04d0ad910cf27d1482c76b82b76a\log4j-to-slf4j-2.9.1.jar;C:\Users\asus\.gradle\caches\modules-2\files-2.1\org.slf4j\jul-to-slf4j\1.7.25\af5364cd6679bfffb114f0dec8a157aaa283b76\jul-to-slf4j-1.7.25.jar;C:\Users\asus\.gradle\caches\modules-2\files-2.1\org.slf4j\log4j-over-slf4j\1.7.25\a87bb47468f47ee7aabbd54f93e133d4215769c3\log4j-over-slf4j-1.7.25.jar;C:\Users\asus\.gradle\caches\modules-2\files-2.1\org.slf4j\slf4j-api\1.7.25\da76ca59f6a57ee3102f8f9bd9cee742973efa8a\slf4j-api-1.7.25.jar;C:\Users\asus\.gradle\caches\modules-2\files-2.1\com.fasterxml.jackson.datatype\jackson-datatype-jdk8\2.9.2\9b0b7c623262e29c73e8f6a78f6150372d2066f8\jackson-datatype-jdk8-2.9.2.jar;C:\Users\asus\.gradle\caches\modules-2\files-2.1\com.fasterxml.jackson.datatype\jackson-datatype-jsr310\2.9.2\e1653d338703d8233cc1ac18c6722510bdaceb4f\jackson-datatype-jsr310-2.9.2.jar;C:\Users\asus\.gradle\caches\modules-2\files-2.1\com.fasterxml.jackson.module\jackson-module-parameter-names\2.9.2\be78ca220839b2c53ebd33fd4d580b5a0cacdd5a\jackson-module-parameter-names-2.9.2.jar;C:\Users\asus\.gradle\caches\modules-2\files-2.1\com.fasterxml.jackson.module\jackson-module-kotlin\2.9.2\a9cf72ae68a641ade45c400b6cec2d363818f11b\jackson-module-kotlin-2.9.2.jar;C:\Users\asus\.gradle\caches\modules-2\files-2.1\com.fasterxml.jackson.module\jackson-module-jaxb-annotations\2.9.2\8abd01f740ef04d05811bbca5612371bf034b05e\jackson-module-jaxb-annotations-2.9.2.jar;C:\Users\asus\.gradle\caches\modules-2\files-2.1\com.fasterxml.jackson.core\jackson-databind\2.9.2\1d8d8cb7cf26920ba57fb61fa56da88cc123b21f\jackson-databind-2.9.2.jar;C:\Users\asus\.gradle\caches\modules-2\files-2.1\org.apache.tomcat.embed\tomcat-embed-websocket\8.5.23\52f07abcae10dc7e1764304b0877def175c2c833\tomcat-embed-websocket-8.5.23.jar;C:\Users\asus\.gradle\caches\modules-2\files-2.1\org.apache.tomcat.embed\tomcat-embed-core\8.5.23\79261793a47f507890ee08f749b9d81774e4f7f0\tomcat-embed-core-8.5.23.jar;C:\Users\asus\.gradle\caches\modules-2\files-2.1\org.apache.tomcat.embed\tomcat-embed-el\8.5.23\98d979cde444dffa6d434c8377d0123b2dfa614c\tomcat-embed-el-8.5.23.jar;C:\Users\asus\.gradle\caches\modules-2\files-2.1\org.glassfish.jersey.ext\jersey-entity-filtering\2.26\a8ea15c9cd0bd8b090dbbf0f0e43aa39604f3433\jersey-entity-filtering-2.26.jar;C:\Users\asus\.gradle\caches\modules-2\files-2.1\javax.ws.rs\javax.ws.rs-api\2.1\426a0862406536e690c7caa8bb6ed32191986fac\javax.ws.rs-api-2.1.jar;C:\Users\asus\.gradle\caches\modules-2\files-2.1\javax.validation\validation-api\2.0.0.Final\4a7ff48084bd336c4de1f79f027f6f77badf399e\validation-api-2.0.0.Final.jar;C:\Users\asus\.gradle\caches\modules-2\files-2.1\com.fasterxml.jackson.core\jackson-annotations\2.9.0\7c10d545325e3a6e72e06381afe469fd40eb701\jackson-annotations-2.9.0.jar;C:\Users\asus\.gradle\caches\modules-2\files-2.1\net.minidev\json-smart\2.3\7396407491352ce4fa30de92efb158adb76b5b\json-smart-2.3.jar;C:\Users\asus\.gradle\caches\modules-2\files-2.1\net.bytebuddy\byte-buddy\1.7.9\51218a01a882c04d0aba8c028179cce488bbcb58\byte-buddy-1.7.9.jar;C:\Users\asus\.gradle\caches\modules-2\files-2.1\net.bytebuddy\byte-buddy-agent\1.7.9\a6c65f9da7f467ee1f02ff2841ffd3155aee2fc9\byte-buddy-agent-1.7.9.jar;C:\Users\asus\.gradle\caches\modules-2\files-2.1\org.objenesis\objenesis\2.6\639033469776fd37c08358c6b92a4761feb2af4b\objenesis-2.6.jar;C:\Users\asus\.gradle\caches\modules-2\files-2.1\com.vaadin.external.google\android-json\0.0.20131108.vaadin1\fa26d351fe62a6a17f5cda1287c1c6110dec413f\android-json-0.0.20131108.vaadin1.jar;C:\Users\asus\.gradle\caches\modules-2\files-2.1\com.fasterxml.jackson.core\jackson-core\2.9.2\aed20e50152a2f19adc1995c8d8f307c7efa414d\jackson-core-2.9.2.jar;C:\Users\asus\.gradle\caches\modules-2\files-2.1\org.apache.tomcat\tomcat-annotations-api\8.5.23\aaf17df9fe0240e9e9d5375d24d5f177174b73d9\tomcat-annotations-api-8.5.23.jar;C:\Users\asus\.gradle\caches\modules-2\files-2.1\org.glassfish.hk2\osgi-resource-locator\1.0.1\4ed2b2d4738aed5786cfa64cba5a332779c4c708\osgi-resource-locator-1.0.1.jar;C:\Users\asus\.gradle\caches\modules-2\files-2.1\org.glassfish.hk2\class-model\2.5.0-b42\a9824e8ed9748f3622394d6d32098cc1bb2a0ea1\class-model-2.5.0-b42.jar;C:\Users\asus\.gradle\caches\modules-2\files-2.1\org.attoparser\attoparser\2.0.4.RELEASE\5cf02c4d8303a81f0c80971bb1dcd40d3ba96009\attoparser-2.0.4.RELEASE.jar;C:\Users\asus\.gradle\caches\modules-2\files-2.1\org.unbescape\unbescape\1.1.5.RELEASE\46dc644ea9c234317d926ebac5bf5d8f114dc1ba\unbescape-1.1.5.RELEASE.jar;C:\Users\asus\.gradle\caches\modules-2\files-2.1\net.minidev\accessors-smart\1.2\c592b500269bfde36096641b01238a8350f8aa31\accessors-smart-1.2.jar;C:\Users\asus\.gradle\caches\modules-2\files-2.1\ch.qos.logback\logback-core\1.2.3\864344400c3d4d92dfeb0a305dc87d953677c03c\logback-core-1.2.3.jar;C:\Users\asus\.gradle\caches\modules-2\files-2.1\org.apache.logging.log4j\log4j-api\2.9.1\7a2999229464e7a324aa503c0a52ec0f05efe7bd\log4j-api-2.9.1.jar;C:\Users\asus\.gradle\caches\modules-2\files-2.1\org.glassfish.hk2.external\aopalliance-repackaged\2.5.0-b42\e74beab6ca12e9e745eb47ca61729d9452b96f0c\aopalliance-repackaged-2.5.0-b42.jar;C:\Users\asus\.gradle\caches\modules-2\files-2.1\javax.inject\javax.inject\1\6975da39a7040257bd51d21a231b76c915872d38\javax.inject-1.jar;C:\Users\asus\.gradle\caches\modules-2\files-2.1\org.glassfish.hk2.external\asm-all-repackaged\2.5.0-b42\3afd5d4f63116e8c00b430f32092282e5e475ce8\asm-all-repackaged-2.5.0-b42.jar;C:\Users\asus\.gradle\caches\modules-2\files-2.1\org.ow2.asm\asm\5.0.4\da08b8cce7bbf903602a25a3a163ae252435795\asm-5.0.4.jar, user.name=asus, java.vm.specification.version=1.8, sun.java.command=worker.org.gradle.process.internal.worker.GradleWorkerMain 'Gradle Test Executor 1', java.home=D:\JDK1.8.0\jre, sun.arch.data.model=32, user.language=it, java.specification.vendor=Oracle Corporation, awt.toolkit=sun.awt.windows.WToolkit, java.vm.info=mixed mode, java.version=1.8.0_144, java.ext.dirs=D:\JDK1.8.0\jre\lib\ext;C:\WINDOWS\Sun\Java\lib\ext, sun.boot.class.path=D:\JDK1.8.0\jre\lib\resources.jar;D:\JDK1.8.0\jre\lib\rt.jar;D:\JDK1.8.0\jre\lib\sunrsasign.jar;D:\JDK1.8.0\jre\lib\jsse.jar;D:\JDK1.8.0\jre\lib\jce.jar;D:\JDK1.8.0\jre\lib\charsets.jar;D:\JDK1.8.0\jre\lib\jfr.jar;D:\JDK1.8.0\jre\classes, java.vendor=Oracle Corporation, org.gradle.test.worker=1, file.separator=\, java.vendor.url.bug=http://bugreport.sun.com/bugreport/, sun.io.unicode.encoding=UnicodeLittle, sun.cpu.endian=little, sun.desktop=windows, sun.cpu.isalist=pentium_pro+mmx pentium_pro pentium+mmx pentium i486 i386 i86}}, SystemEnvironmentPropertySource@6994492 {name='systemEnvironment', properties={PATH=C:\Users\asus\bin;C:\Program Files\Git\mingw64\bin;C:\Program Files\Git\usr\local\bin;C:\Program Files\Git\usr\bin;C:\Program Files\Git\usr\bin;C:\Program Files\Git\mingw64\bin;C:\Program Files\Git\usr\bin;C:\Users\asus\bin;C:\Program Files (x86)\Intel\iCLS Client;C:\Program Files\Intel\iCLS Client;C:\WINDOWS\system32;C:\WINDOWS;C:\WINDOWS\System32\Wbem;C:\WINDOWS\System32\WindowsPowerShell\v1.0;C:\Program Files (x86)\Windows Live\Shared;C:\Program Files\Intel\Intel(R) Management Engine Components\DAL;C:\Program Files\Intel\Intel(R) Management Engine Components\IPT;C:\Program Files (x86)\Intel\Intel(R) Management Engine Components\DAL;C:\Program Files (x86)\Intel\Intel(R) Management Engine Components\IPT;C:\Program Files (x86)\Calibre2;C:\Program Files\Amazon\AWSCLI;C:\Program Files (x86)\QuickTime\QTSystem;C:\Program Files\Crucial\Crucial Storage Executive;C:\Program Files (x86)\Common Files\Acronis\SnapAPI;D:\JDK1.8.0\bin;D:\Projects\UniServerZ-12.0.4\core\php56;C:\ProgramData\ComposerSetup\bin;C:\Program Files\VisualSVN Server\bin;C:\Program Files (x86)\Skype\Phone;C:\Program Files (x86)\Yarn\bin;C:\Program Files\nodejs;C:\Program Files (x86)\NVIDIA Corporation\PhysX\Common;C:\WINDOWS\system32;C:\WINDOWS;C:\WINDOWS\System32\Wbem;C:\WINDOWS\System32\WindowsPowerShell\v1.0;C:\Users\asus\AppData\Roaming\Composer\vendor\bin;C:\Users\asus\AppData\Local\Microsoft\WindowsApps;C:\Users\asus\AppData\Local\Yarn\bin;C:\Users\asus\AppData\Roaming\npm;C:\Program Files\Git\usr\bin\vendor_perl;C:\Program Files\Git\usr\bin\core_perl, USERDOMAIN_ROAMINGPROFILE=OJOKO, PKG_CONFIG_PATH=C:\Program Files\Git\mingw64\lib\pkgconfig;C:\Program Files\Git\mingw64\share\pkgconfig, PROCESSOR_LEVEL=6, SYSTEMDRIVE=C:, FP_NO_HOST_CHECK=NO, SESSIONNAME=Console, ALLUSERSPROFILE=C:\ProgramData, PROCESSOR_ARCHITECTURE=x86, PSModulePath=C:\WINDOWS\system32\WindowsPowerShell\v1.0\Modules\;C:\Program Files\VisualSVN Server\PowerShellModules, PROGRAMFILES=C:\Program Files (x86), USERNAME=asus, PWD=C:/Projects/Spring/movie-store-springboot-tutorial, ProgramFiles(x86)=C:\Program Files (x86), INFOPATH=C:\Program Files\Git\usr\local\info;C:\Program Files\Git\usr\share\info;C:\Program Files\Git\usr\info;C:\Program Files\Git\share\info, VISUALSVN_SERVER=C:\Program Files\VisualSVN Server\, FPS_BROWSER_USER_PROFILE_STRING=Default, PATHEXT=.COM;.EXE;.BAT;.CMD;.VBS;.VBE;.JS;.JSE;.WSF;.WSH;.MSC, SHELL=C:\Program Files\Git\usr\bin\bash, PROCESSOR_ARCHITEW6432=AMD64, OLDPWD=C:/Projects/Spring/movie-store-springboot-tutorial, TMPDIR=C:\Users\asus\AppData\Local\Temp, WINDIR=C:\WINDOWS, ProgramData=C:\ProgramData, ProgramW6432=C:\Program Files, SSH_ASKPASS=C:/Program Files/Git/mingw64/libexec/git-core/git-gui--askpass, HOMEPATH=\Users\asus, PROCESSOR_IDENTIFIER=Intel64 Family 6 Model 58 Stepping 9, GenuineIntel, PUBLIC=C:\Users\Public, =::=::\, EXEPATH=C:\Program Files\Git, SHLVL=1, LOCALAPPDATA=C:\Users\asus\AppData\Local, MANPATH=C:\Program Files\Git\mingw64\share\man;C:\Program Files\Git\usr\local\man;C:\Program Files\Git\usr\share\man;C:\Program Files\Git\usr\man;C:\Program Files\Git\share\man, USERDOMAIN=OJOKO, FPS_BROWSER_APP_PROFILE_STRING=Internet Explorer, LOGONSERVER=\\OJOKO, JAVA_HOME=D:\JDK1.8.0, PLINK_PROTOCOL=ssh, TERM=xterm, LANG=it_IT.UTF-8, asl.log=Destination=file, DISPLAY=needs-to-be-defined, MSYSTEM=MINGW64, OneDrive=C:\Users\asus\OneDrive, QT_DEVICE_PIXEL_RATIO=auto, APPDATA=C:\Users\asus\AppData\Roaming, SYSTEMROOT=C:\WINDOWS, VBOX_MSI_INSTALL_PATH=C:\Program Files\Oracle\VirtualBox\, OS=Windows_NT, COMPUTERNAME=OJOKO, COMMONPROGRAMFILES=C:\Program Files (x86)\Common Files, COMSPEC=C:\WINDOWS\system32\cmd.exe, PROCESSOR_REVISION=3a09, CommonProgramW6432=C:\Program Files\Common Files, ACLOCAL_PATH=C:\Program Files\Git\mingw64\share\aclocal;C:\Program Files\Git\usr\share\aclocal, PRINTER=Samsung ML-1610 Series, TEMP=C:\Users\asus\AppData\Local\Temp, HOSTNAME=ojoko, HOMEDRIVE=C:, USERPROFILE=C:\Users\asus, TMP=C:\Users\asus\AppData\Local\Temp, CommonProgramFiles(x86)=C:\Program Files (x86)\Common Files, NUMBER_OF_PROCESSORS=8, DOCKER_TOOLBOX_INSTALL_PATH=C:\Program Files\Docker Toolbox, HOME=C:\Users\asus}}]
08:05:46.389 [Test worker] DEBUG org.springframework.test.context.support.TestPropertySourceUtils - Adding inlined properties to environment: {spring.jmx.enabled=false, org.springframework.boot.test.context.SpringBootTestContextBootstrapper=true, server.port=-1}
08:05:46.389 [Test worker] DEBUG org.springframework.core.env.StandardEnvironment - Adding PropertySource 'Inlined Test Properties' with highest search precedence

  .   ____          _            __ _ _
 /\\ / ___'_ __ _ _(_)_ __  __ _ \ \ \ \
( ( )\___ | '_ | '_| | '_ \/ _` | \ \ \ \
 \\/  ___)| |_)| | | | | || (_| |  ) ) ) )
  '  |____| .__|_| |_|_| |_\__, | / / / /
 =========|_|==============|___/=/_/_/_/
 :: Spring Boot ::  (v2.0.0.BUILD-SNAPSHOT)

2017-11-18 08:05:46.595  INFO 3152 --- [    Test worker] c.moviestore.MoviestoreApplicationTests  : Starting MoviestoreApplicationTests on ojoko with PID 3152 (started by asus in C:\Projects\Spring\movie-store-springboot-tutorial)
2017-11-18 08:05:46.596  INFO 3152 --- [    Test worker] c.moviestore.MoviestoreApplicationTests  : No active profile set, falling back to default profiles: default
2017-11-18 08:05:46.637  INFO 3152 --- [    Test worker] o.s.w.c.s.GenericWebApplicationContext   : Refreshing org.springframework.web.context.support.GenericWebApplicationContext@ab1a98: startup date [Sat Nov 18 08:05:46 CET 2017]; root of context hierarchy
2017-11-18 08:05:47.550  INFO 3152 --- [    Test worker] f.a.AutowiredAnnotationBeanPostProcessor : JSR-330 'javax.inject.Inject' annotation found and supported for autowiring
2017-11-18 08:05:48.092  INFO 3152 --- [    Test worker] com.zaxxer.hikari.HikariDataSource       : testdb - Starting...
2017-11-18 08:05:48.222  INFO 3152 --- [    Test worker] com.zaxxer.hikari.HikariDataSource       : testdb - Start completed.
2017-11-18 08:05:48.274  INFO 3152 --- [    Test worker] j.LocalContainerEntityManagerFactoryBean : Building JPA container EntityManagerFactory for persistence unit 'default'
2017-11-18 08:05:48.290  INFO 3152 --- [    Test worker] o.hibernate.jpa.internal.util.LogHelper  : HHH000204: Processing PersistenceUnitInfo [
	name: default
	...]
2017-11-18 08:05:48.365  INFO 3152 --- [    Test worker] org.hibernate.Version                    : HHH000412: Hibernate Core {5.2.12.Final}
2017-11-18 08:05:48.366  INFO 3152 --- [    Test worker] org.hibernate.cfg.Environment            : HHH000206: hibernate.properties not found
2017-11-18 08:05:48.412  INFO 3152 --- [    Test worker] o.hibernate.annotations.common.Version   : HCANN000001: Hibernate Commons Annotations {5.0.1.Final}
2017-11-18 08:05:48.529  INFO 3152 --- [    Test worker] org.hibernate.dialect.Dialect            : HHH000400: Using dialect: org.hibernate.dialect.H2Dialect
2017-11-18 08:05:48.786  INFO 3152 --- [    Test worker] o.h.t.schema.internal.SchemaCreatorImpl  : HHH000476: Executing import script 'org.hibernate.tool.schema.internal.exec.ScriptSourceInputNonExistentImpl@14923d4'
2017-11-18 08:05:48.789  INFO 3152 --- [    Test worker] j.LocalContainerEntityManagerFactoryBean : Initialized JPA EntityManagerFactory for persistence unit 'default'
2017-11-18 08:05:49.414  INFO 3152 --- [    Test worker] s.w.s.m.m.a.RequestMappingHandlerAdapter : Looking for @ControllerAdvice: org.springframework.web.context.support.GenericWebApplicationContext@ab1a98: startup date [Sat Nov 18 08:05:46 CET 2017]; root of context hierarchy
2017-11-18 08:05:49.456  WARN 3152 --- [    Test worker] aWebConfiguration$JpaWebMvcConfiguration : spring.jpa.open-in-view is enabled by default. Therefore, database queries may be performed during view rendering. Explicitly configure spring.jpa.open-in-view to disable this warning
2017-11-18 08:05:49.492  INFO 3152 --- [    Test worker] s.w.s.m.m.a.RequestMappingHandlerMapping : Mapped "{[/error]}" onto public org.springframework.http.ResponseEntity<java.util.Map<java.lang.String, java.lang.Object>> org.springframework.boot.autoconfigure.web.servlet.error.BasicErrorController.error(javax.servlet.http.HttpServletRequest)
2017-11-18 08:05:49.493  INFO 3152 --- [    Test worker] s.w.s.m.m.a.RequestMappingHandlerMapping : Mapped "{[/error],produces=[text/html]}" onto public org.springframework.web.servlet.ModelAndView org.springframework.boot.autoconfigure.web.servlet.error.BasicErrorController.errorHtml(javax.servlet.http.HttpServletRequest,javax.servlet.http.HttpServletResponse)
2017-11-18 08:05:49.530  INFO 3152 --- [    Test worker] o.s.w.s.handler.SimpleUrlHandlerMapping  : Mapped URL path [/webjars/**] onto handler of type [class org.springframework.web.servlet.resource.ResourceHttpRequestHandler]
2017-11-18 08:05:49.530  INFO 3152 --- [    Test worker] o.s.w.s.handler.SimpleUrlHandlerMapping  : Mapped URL path [/**] onto handler of type [class org.springframework.web.servlet.resource.ResourceHttpRequestHandler]
2017-11-18 08:05:49.573  INFO 3152 --- [    Test worker] o.s.w.s.handler.SimpleUrlHandlerMapping  : Mapped URL path [/**/favicon.ico] onto handler of type [class org.springframework.web.servlet.resource.ResourceHttpRequestHandler]
2017-11-18 08:05:49.895  INFO 3152 --- [    Test worker] c.moviestore.MoviestoreApplicationTests  : Started MoviestoreApplicationTests in 3.496 seconds (JVM running for 4.548)
]]></system-out>
  <system-err><![CDATA[]]></system-err>
</testsuite>
